\BOOKMARK [0][]{chapter.4}{Hinweise zum Dokument}{}% 1
\BOOKMARK [0][]{chapter.7}{Einleitung}{}% 2
\BOOKMARK [0][]{chapter.8}{Vorstellung der vorhandenen Hardware}{}% 3
\BOOKMARK [1][]{section.11}{Computer}{chapter.8}% 4
\BOOKMARK [1][]{section.12}{3D-Laserscanner VI-900}{chapter.8}% 5
\BOOKMARK [2][]{subsection.14}{Lasertriangulator Prinzip}{section.12}% 6
\BOOKMARK [1][]{section.16}{Drehtisch und Ansteuerung}{chapter.8}% 7
\BOOKMARK [2][]{subsection.17}{Drehtisch}{section.16}% 8
\BOOKMARK [2][]{subsection.19}{Spannungsversorgung}{section.16}% 9
\BOOKMARK [2][]{subsection.20}{Schrittmotoren}{section.16}% 10
\BOOKMARK [2][]{subsection.21}{Schrittmotorkarten}{section.16}% 11
\BOOKMARK [2][]{subsection.25}{Motorverkabelung}{section.16}% 12
\BOOKMARK [2][]{subsection.26}{Endschalter}{section.16}% 13
\BOOKMARK [1][]{section.27}{Mikrocontroller}{chapter.8}% 14
\BOOKMARK [2][]{subsection.29}{Entwicklerboard STK500}{section.27}% 15
\BOOKMARK [2][]{subsection.32}{AVRISP mkII}{section.27}% 16
\BOOKMARK [2][]{subsection.33}{MAX232}{section.27}% 17
\BOOKMARK [0][]{chapter.35}{Vorstellung der vorhandenen Software}{}% 18
\BOOKMARK [1][]{section.36}{RapidForm2004}{chapter.35}% 19
\BOOKMARK [1][]{section.37}{Entwicklungsumgebung}{chapter.35}% 20
\BOOKMARK [1][]{section.38}{Terminalprogramme}{chapter.35}% 21
\BOOKMARK [0][]{chapter.39}{Zeitlicher Arbeitsablauf}{}% 22
\BOOKMARK [1][]{section.40}{Bereitstellen grundlegender Funktionalitäten}{chapter.39}% 23
\BOOKMARK [2][]{subsection.41}{Taster}{section.40}% 24
\BOOKMARK [2][]{subsection.56}{LEDs}{section.40}% 25
\BOOKMARK [2][]{subsection.62}{Ansteuerung des LC-Display}{section.40}% 26
\BOOKMARK [2][]{subsection.85}{RS-232-Schnittstelle}{section.40}% 27
\BOOKMARK [1][]{section.152}{Befehlssätze}{chapter.39}% 28
\BOOKMARK [1][]{section.164}{Kommunikation mit der vorhandenen Schrittmotorsteuerung}{chapter.39}% 29
\BOOKMARK [2][]{subsection.165}{Befehle senden}{section.164}% 30
\BOOKMARK [2][]{subsection.220}{Antworten empfangen und speichern}{section.164}% 31
\BOOKMARK [2][]{subsection.235}{Antworten auswerten}{section.164}% 32
\BOOKMARK [1][]{section.272}{Verbesserungen an der vorhandenen Hardware}{chapter.39}% 33
\BOOKMARK [2][]{subsection.273}{Netzteil}{section.272}% 34
\BOOKMARK [2][]{subsection.275}{Zweite Schrittmotorkarte}{section.272}% 35
\BOOKMARK [2][]{subsection.276}{Motor- und Endschalterverkabelung}{section.272}% 36
\BOOKMARK [2][]{subsection.279}{Endschalter}{section.272}% 37
\BOOKMARK [2][]{subsection.281}{Zweite serielle Schnittstelle}{section.272}% 38
\BOOKMARK [1][]{section.283}{Kommunikation mit RapidForm2004}{chapter.39}% 39
\BOOKMARK [2][]{subsection.285}{Befehle empfangen}{section.283}% 40
\BOOKMARK [1][]{section.351}{Auswerte-Funktionen}{chapter.39}% 41
\BOOKMARK [2][]{subsection.352}{Auswerte-Funktion für Isel-Motoren}{section.351}% 42
\BOOKMARK [1][]{section.483}{Platinenlayout und 19''-Einschub}{chapter.39}% 43
\BOOKMARK [0][]{chapter.487}{Probleme und Lösungen}{}% 44
\BOOKMARK [1][]{section.488}{Entwicklungsumgebungen}{chapter.487}% 45
\BOOKMARK [2][]{subsection.489}{AVR Studio 5}{section.488}% 46
\BOOKMARK [2][]{subsection.490}{Eclipse}{section.488}% 47
\BOOKMARK [1][]{section.491}{Interrupts}{chapter.487}% 48
\BOOKMARK [2][]{subsection.492}{Endschalter}{section.491}% 49
\BOOKMARK [2][]{subsection.506}{Watchdog}{section.491}% 50
\BOOKMARK [1][]{section.524}{Fuses}{chapter.487}% 51
\BOOKMARK [0][]{chapter.526}{Fazit und weitere Möglichkeiten}{}% 52
\BOOKMARK [1][]{section.527}{Fazit}{chapter.526}% 53
\BOOKMARK [1][]{section.528}{Bekannte Probleme}{chapter.526}% 54
\BOOKMARK [1][]{section.529}{Weitere Möglichkeiten}{chapter.526}% 55
