\BOOKMARK [0][]{chapter*.2}{Abk\374rzungsverzeichnis}{}% 1
\BOOKMARK [0][]{chapter.6}{Einleitung}{}% 2
\BOOKMARK [1][]{section.7}{Ziel der Arbeit anhand eines Beispiels}{chapter.6}% 3
\BOOKMARK [2][]{subsection.9}{Vorhanden waren:}{section.7}% 4
\BOOKMARK [2][]{subsection.14}{Vorgaben des betreuenden Professors:}{section.7}% 5
\BOOKMARK [2][]{subsection.15}{Die Zielvorgabe:}{section.7}% 6
\BOOKMARK [1][]{section.22}{Motivation}{chapter.6}% 7
\BOOKMARK [0][]{chapter.25}{Vorstellung der vorhanden Hardware}{}% 8
\BOOKMARK [1][]{section.27}{Computer}{chapter.25}% 9
\BOOKMARK [1][]{section.28}{3D-Laserscanner VI-900}{chapter.25}% 10
\BOOKMARK [2][]{subsection.30}{Lasertriangulator Prinzip}{section.28}% 11
\BOOKMARK [1][]{section.32}{Ansteuerung f\374r den Drehtisch}{chapter.25}% 12
\BOOKMARK [2][]{subsection.34}{Drehtisch}{section.32}% 13
\BOOKMARK [2][]{subsection.36}{Spannungsversorgung}{section.32}% 14
\BOOKMARK [2][]{subsection.37}{Schrittmotoren}{section.32}% 15
\BOOKMARK [2][]{subsection.38}{Schrittmotorkarten}{section.32}% 16
\BOOKMARK [2][]{subsection.41}{Motorverkabelung}{section.32}% 17
\BOOKMARK [2][]{subsection.42}{Endschalter}{section.32}% 18
\BOOKMARK [1][]{section.43}{Mikrocontroller}{chapter.25}% 19
\BOOKMARK [2][]{subsection.45}{Entwicklerboard STK500}{section.43}% 20
\BOOKMARK [2][]{subsection.48}{AVRISP mkII}{section.43}% 21
\BOOKMARK [2][]{subsection.49}{MAX232}{section.43}% 22
\BOOKMARK [0][]{chapter.51}{Vorstellung der vorhandenen Software}{}% 23
\BOOKMARK [1][]{section.52}{RapidForm2004}{chapter.51}% 24
\BOOKMARK [1][]{section.53}{Entwicklungsumgebung}{chapter.51}% 25
\BOOKMARK [1][]{section.54}{Terminalprogramme}{chapter.51}% 26
\BOOKMARK [0][]{chapter.55}{Aufbau der Arbeit}{}% 27
\BOOKMARK [1][]{section.56}{Erste Schritte}{chapter.55}% 28
\BOOKMARK [2][]{subsection.57}{Taster nutzbar machen}{section.56}% 29
\BOOKMARK [2][]{subsection.74}{LEDs ansteuern}{section.56}% 30
\BOOKMARK [2][]{subsection.82}{LCD ansteuern}{section.56}% 31
\BOOKMARK [2][]{subsection.104}{Serielle Schnittstelle ansteuern}{section.56}% 32
\BOOKMARK [1][]{section.138}{Men\374 Bibliothek / Autonome Ansteuerung}{chapter.55}% 33
\BOOKMARK [1][]{section.188}{Kommunikation mit RapidForm2004}{chapter.55}% 34
\BOOKMARK [2][]{subsection.189}{Empfangen der Befehle}{section.188}% 35
\BOOKMARK [2][]{subsection.219}{Protokolle aus RapidForm}{section.188}% 36
\BOOKMARK [2][]{subsection.231}{\334bersetzungs Logik}{section.188}% 37
\BOOKMARK [3][]{subsubsection.232}{FindStringInArray Funktion}{subsection.231}% 38
\BOOKMARK [3][]{subsubsection.242}{Automatische Protokollwahl}{subsection.231}% 39
\BOOKMARK [3][]{subsubsection.268}{Zeta}{subsection.231}% 40
\BOOKMARK [3][]{subsubsection.269}{Isel}{subsection.231}% 41
\BOOKMARK [3][]{subsubsection.361}{Weitere}{subsection.231}% 42
\BOOKMARK [2][]{subsection.362}{Interrupts}{section.188}% 43
\BOOKMARK [3][]{subsubsection.363}{Endschalter}{subsection.362}% 44
\BOOKMARK [3][]{subsubsection.375}{Watchdog}{subsection.362}% 45
\BOOKMARK [0][]{chapter.392}{Probleme und L\366sungen}{}% 46
\BOOKMARK [1][]{section.393}{Entwicklungsumgebungen}{chapter.392}% 47
\BOOKMARK [1][]{section.394}{Fuses}{chapter.392}% 48
\BOOKMARK [0][]{chapter.396}{Fazit und Zukunft}{}% 49
\BOOKMARK [1][]{section.397}{Fazit}{chapter.396}% 50
\BOOKMARK [0][]{chapter*.399}{Eidesstattliche Erkl\344rung}{}% 51
\BOOKMARK [0][]{appendix.400}{Anhang}{}% 52
\BOOKMARK [1][]{section.401}{Schritt f\374r Schritt Anleitung}{appendix.400}% 53
\BOOKMARK [1][]{section.402}{Protokoll der Schrittmotorkarte}{appendix.400}% 54
\BOOKMARK [1][]{section.404}{Technische Daten VI-910}{appendix.400}% 55
\BOOKMARK [1][]{section.406}{Verwendete Software}{appendix.400}% 56
\BOOKMARK [1][]{section.407}{Verwendete Hardware}{appendix.400}% 57
