This is pdfTeX, Version 3.1415926-1.40.11 (TeX Live 2010) (format=pdflatex 2011.12.22)  31 JAN 2012 22:23
entering extended mode
 restricted \write18 enabled.
 %&-line parsing enabled.
**_Meta.tex
(./_Meta.tex
LaTeX2e <2009/09/24>
Babel <v3.8l> and hyphenation patterns for english, dumylang, nohyphenation, ge
rman-x-2009-06-19, ngerman-x-2009-06-19, german, ngerman, swissgerman, loaded.
)
! Emergency stop.
<*> _Meta.tex
             
*** (job aborted, no legal \end found)

 
Here is how much of TeX's memory you used:
 33 strings out of 495022
 323 string characters out of 3180791
 45202 words of memory out of 3000000
 3326 multiletter control sequences out of 15000+200000
 3640 words of font info for 14 fonts, out of 3000000 for 9000
 14 hyphenation exceptions out of 8191
 7i,0n,6p,88b,8s stack positions out of 5000i,500n,10000p,200000b,50000s
!  ==> Fatal error occurred, no output PDF file produced!
