This is pdfTeX, Version 3.1415926-1.40.11 (TeX Live 2010) (format=pdflatex 2011.12.22)  15 MAR 2012 01:51
entering extended mode
 restricted \write18 enabled.
 %&-line parsing enabled.
**Praxisbericht.tex
(./Praxisbericht.tex
LaTeX2e <2009/09/24>
Babel <v3.8l> and hyphenation patterns for english, dumylang, nohyphenation, ge
rman-x-2009-06-19, ngerman-x-2009-06-19, german, ngerman, swissgerman, loaded.
(./_Meta.tex) (/usr/share/texmf-dist/tex/latex/koma-script/scrreprt.cls
Document Class: scrreprt 2010/09/17 v3.07 KOMA-Script document class (report)
(/usr/share/texmf-dist/tex/latex/koma-script/scrkbase.sty
Package: scrkbase 2010/09/17 v3.07 KOMA-Script package (KOMA-Script-dependent b
asics and keyval usage)

(/usr/share/texmf-dist/tex/latex/koma-script/scrbase.sty
Package: scrbase 2010/09/17 v3.07 KOMA-Script package (KOMA-Script-independent 
basics and keyval usage)

(/usr/share/texmf-dist/tex/latex/graphics/keyval.sty
Package: keyval 1999/03/16 v1.13 key=value parser (DPC)
\KV@toks@=\toks14
)
(/usr/share/texmf-dist/tex/latex/koma-script/scrlfile.sty
Package: scrlfile 2009/03/25 v3.03 KOMA-Script package (loading files)

Package scrlfile, 2009/03/25 v3.03 KOMA-Script package (loading files)
                  Copyright (C) Markus Kohm

))) (/usr/share/texmf-dist/tex/latex/koma-script/tocbasic.sty
Package: tocbasic 2010/09/14 v3.06a KOMA-Script package (handling toc-files)
)
Package tocbasic Info: omitting babel extension for `toc'
(tocbasic)             because of feature `nobabel' available
(tocbasic)             for `toc' on input line 117.
Package tocbasic Info: omitting babel extension for `lof'
(tocbasic)             because of feature `nobabel' available
(tocbasic)             for `lof' on input line 118.
Package tocbasic Info: omitting babel extension for `lot'
(tocbasic)             because of feature `nobabel' available
(tocbasic)             for `lot' on input line 119.
Package scrreprt Info: You've used obsolete option `11pt'.
(scrreprt)             \KOMAExecuteOptions{fontsize=11pt} will be
(scrreprt)             used instead.
(scrreprt)             You may simply replace `11pt'
(scrreprt)             by `fontsize=11pt'.
Class scrreprt Info: You've used standard option `oneside'.
(scrreprt)           This is correct!
(scrreprt)           Internally I'm using `twoside=false'.
(scrreprt)           If you'd like to set the option with \KOMAoptions,
(scrreprt)           you'd have to use `twoside=false' there
(scrreprt)           instead of `oneside', too.
Class scrreprt Info: You've used standard option `final'.
(scrreprt)           This is correct!
(scrreprt)           Internally I'm using `draft=false'.
(scrreprt)           If you'd like to set the option with \KOMAoptions,
(scrreprt)           you'd have to use `draft=false' there
(scrreprt)           instead of `final', too.
Class scrreprt Info: File `scrsize11pt.clo' used to setup font sizes on input l
ine 1310.

(/usr/share/texmf-dist/tex/latex/koma-script/scrsize11pt.clo
File: scrsize11pt.clo 2010/09/17 v3.07 KOMA-Script font size class option (11pt
)
)
(/usr/share/texmf-dist/tex/latex/koma-script/typearea.sty
Package: typearea 2010/09/17 v3.07 KOMA-Script package (type area)

Package typearea, 2010/09/17 v3.07 KOMA-Script package (type area)
                  Copyright (C) Frank Neukam, 1992-1994
                  Copyright (C) Markus Kohm, 1994-

\ta@bcor=\skip41
\ta@div=\count79
Package typearea Info: You've used standard option `a4paper'.
(typearea)             This is correct!
(typearea)             Internally I'm using `paper=a4'.
(typearea)             If you'd like to set the option with \KOMAoptions,
(typearea)             you'd have to use `paper=a4' there
(typearea)             instead of `a4paper', too.
Package typearea Info: You've used standard option `oneside'.
(typearea)             This is correct!
(typearea)             Internally I'm using `twoside=false'.
(typearea)             If you'd like to set the option with \KOMAoptions,
(typearea)             you'd have to use `twoside=false' there
(typearea)             instead of `oneside', too.
\ta@hblk=\skip42
\ta@vblk=\skip43
\ta@temp=\skip44
Package typearea Info: These are the values describing the layout:
(typearea)             DIV  = 10
(typearea)             BCOR = 0.0pt
(typearea)             \paperwidth      = 597.50793pt
(typearea)              \textwidth      = 418.25555pt
(typearea)              DIV departure   = -6%
(typearea)              \evensidemargin = 17.3562pt
(typearea)              \oddsidemargin  = 17.3562pt
(typearea)             \paperheight     = 845.04694pt
(typearea)              \textheight     = 595.80026pt
(typearea)              \topmargin      = -25.16531pt
(typearea)              \headheight     = 17.0pt
(typearea)              \headsep        = 20.40001pt
(typearea)              \topskip        = 11.0pt
(typearea)              \footskip       = 47.60002pt
(typearea)              \baselineskip   = 13.6pt
(typearea)              on input line 1134.
)
\c@part=\count80
\c@chapter=\count81
\c@section=\count82
\c@subsection=\count83
\c@subsubsection=\count84
\c@paragraph=\count85
\c@subparagraph=\count86
\abovecaptionskip=\skip45
\belowcaptionskip=\skip46
\c@pti@nb@sid@b@x=\box26
\c@figure=\count87
\c@table=\count88
\bibindent=\dimen102
) (./Packages.tex (/usr/share/texmf-dist/tex/latex/koma-script/scrpage2.sty
Package: scrpage2 2010/04/22 v2.5 LaTeX2e KOMA-Script package
LaTeX Info: Redefining \pagemark on input line 176.
)
(/usr/share/texmf-dist/tex/generic/babel/babel.sty
Package: babel 2008/07/06 v3.8l The Babel package

(/usr/share/texmf-dist/tex/generic/babel/ngermanb.ldf
Language: ngermanb 2008/07/06 v2.6n new German support from the babel system

(/usr/share/texmf-dist/tex/generic/babel/babel.def
File: babel.def 2008/07/06 v3.8l Babel common definitions
\babel@savecnt=\count89
\U@D=\dimen103
)
\l@naustrian = a dialect from \language\l@ngerman 
Package babel Info: Making " an active character on input line 92.
))
(/usr/share/texmf-dist/tex/latex/base/inputenc.sty
Package: inputenc 2008/03/30 v1.1d Input encoding file
\inpenc@prehook=\toks15
\inpenc@posthook=\toks16

(/usr/share/texmf-dist/tex/latex/base/utf8.def
File: utf8.def 2008/04/05 v1.1m UTF-8 support for inputenc
Now handling font encoding OML ...
... no UTF-8 mapping file for font encoding OML
Now handling font encoding T1 ...
... processing UTF-8 mapping file for font encoding T1

(/usr/share/texmf-dist/tex/latex/base/t1enc.dfu
File: t1enc.dfu 2008/04/05 v1.1m UTF-8 support for inputenc
   defining Unicode char U+00A1 (decimal 161)
   defining Unicode char U+00A3 (decimal 163)
   defining Unicode char U+00AB (decimal 171)
   defining Unicode char U+00BB (decimal 187)
   defining Unicode char U+00BF (decimal 191)
   defining Unicode char U+00C0 (decimal 192)
   defining Unicode char U+00C1 (decimal 193)
   defining Unicode char U+00C2 (decimal 194)
   defining Unicode char U+00C3 (decimal 195)
   defining Unicode char U+00C4 (decimal 196)
   defining Unicode char U+00C5 (decimal 197)
   defining Unicode char U+00C6 (decimal 198)
   defining Unicode char U+00C7 (decimal 199)
   defining Unicode char U+00C8 (decimal 200)
   defining Unicode char U+00C9 (decimal 201)
   defining Unicode char U+00CA (decimal 202)
   defining Unicode char U+00CB (decimal 203)
   defining Unicode char U+00CC (decimal 204)
   defining Unicode char U+00CD (decimal 205)
   defining Unicode char U+00CE (decimal 206)
   defining Unicode char U+00CF (decimal 207)
   defining Unicode char U+00D0 (decimal 208)
   defining Unicode char U+00D1 (decimal 209)
   defining Unicode char U+00D2 (decimal 210)
   defining Unicode char U+00D3 (decimal 211)
   defining Unicode char U+00D4 (decimal 212)
   defining Unicode char U+00D5 (decimal 213)
   defining Unicode char U+00D6 (decimal 214)
   defining Unicode char U+00D8 (decimal 216)
   defining Unicode char U+00D9 (decimal 217)
   defining Unicode char U+00DA (decimal 218)
   defining Unicode char U+00DB (decimal 219)
   defining Unicode char U+00DC (decimal 220)
   defining Unicode char U+00DD (decimal 221)
   defining Unicode char U+00DE (decimal 222)
   defining Unicode char U+00DF (decimal 223)
   defining Unicode char U+00E0 (decimal 224)
   defining Unicode char U+00E1 (decimal 225)
   defining Unicode char U+00E2 (decimal 226)
   defining Unicode char U+00E3 (decimal 227)
   defining Unicode char U+00E4 (decimal 228)
   defining Unicode char U+00E5 (decimal 229)
   defining Unicode char U+00E6 (decimal 230)
   defining Unicode char U+00E7 (decimal 231)
   defining Unicode char U+00E8 (decimal 232)
   defining Unicode char U+00E9 (decimal 233)
   defining Unicode char U+00EA (decimal 234)
   defining Unicode char U+00EB (decimal 235)
   defining Unicode char U+00EC (decimal 236)
   defining Unicode char U+00ED (decimal 237)
   defining Unicode char U+00EE (decimal 238)
   defining Unicode char U+00EF (decimal 239)
   defining Unicode char U+00F0 (decimal 240)
   defining Unicode char U+00F1 (decimal 241)
   defining Unicode char U+00F2 (decimal 242)
   defining Unicode char U+00F3 (decimal 243)
   defining Unicode char U+00F4 (decimal 244)
   defining Unicode char U+00F5 (decimal 245)
   defining Unicode char U+00F6 (decimal 246)
   defining Unicode char U+00F8 (decimal 248)
   defining Unicode char U+00F9 (decimal 249)
   defining Unicode char U+00FA (decimal 250)
   defining Unicode char U+00FB (decimal 251)
   defining Unicode char U+00FC (decimal 252)
   defining Unicode char U+00FD (decimal 253)
   defining Unicode char U+00FE (decimal 254)
   defining Unicode char U+00FF (decimal 255)
   defining Unicode char U+0102 (decimal 258)
   defining Unicode char U+0103 (decimal 259)
   defining Unicode char U+0104 (decimal 260)
   defining Unicode char U+0105 (decimal 261)
   defining Unicode char U+0106 (decimal 262)
   defining Unicode char U+0107 (decimal 263)
   defining Unicode char U+010C (decimal 268)
   defining Unicode char U+010D (decimal 269)
   defining Unicode char U+010E (decimal 270)
   defining Unicode char U+010F (decimal 271)
   defining Unicode char U+0110 (decimal 272)
   defining Unicode char U+0111 (decimal 273)
   defining Unicode char U+0118 (decimal 280)
   defining Unicode char U+0119 (decimal 281)
   defining Unicode char U+011A (decimal 282)
   defining Unicode char U+011B (decimal 283)
   defining Unicode char U+011E (decimal 286)
   defining Unicode char U+011F (decimal 287)
   defining Unicode char U+0130 (decimal 304)
   defining Unicode char U+0131 (decimal 305)
   defining Unicode char U+0132 (decimal 306)
   defining Unicode char U+0133 (decimal 307)
   defining Unicode char U+0139 (decimal 313)
   defining Unicode char U+013A (decimal 314)
   defining Unicode char U+013D (decimal 317)
   defining Unicode char U+013E (decimal 318)
   defining Unicode char U+0141 (decimal 321)
   defining Unicode char U+0142 (decimal 322)
   defining Unicode char U+0143 (decimal 323)
   defining Unicode char U+0144 (decimal 324)
   defining Unicode char U+0147 (decimal 327)
   defining Unicode char U+0148 (decimal 328)
   defining Unicode char U+014A (decimal 330)
   defining Unicode char U+014B (decimal 331)
   defining Unicode char U+0150 (decimal 336)
   defining Unicode char U+0151 (decimal 337)
   defining Unicode char U+0152 (decimal 338)
   defining Unicode char U+0153 (decimal 339)
   defining Unicode char U+0154 (decimal 340)
   defining Unicode char U+0155 (decimal 341)
   defining Unicode char U+0158 (decimal 344)
   defining Unicode char U+0159 (decimal 345)
   defining Unicode char U+015A (decimal 346)
   defining Unicode char U+015B (decimal 347)
   defining Unicode char U+015E (decimal 350)
   defining Unicode char U+015F (decimal 351)
   defining Unicode char U+0160 (decimal 352)
   defining Unicode char U+0161 (decimal 353)
   defining Unicode char U+0162 (decimal 354)
   defining Unicode char U+0163 (decimal 355)
   defining Unicode char U+0164 (decimal 356)
   defining Unicode char U+0165 (decimal 357)
   defining Unicode char U+016E (decimal 366)
   defining Unicode char U+016F (decimal 367)
   defining Unicode char U+0170 (decimal 368)
   defining Unicode char U+0171 (decimal 369)
   defining Unicode char U+0178 (decimal 376)
   defining Unicode char U+0179 (decimal 377)
   defining Unicode char U+017A (decimal 378)
   defining Unicode char U+017B (decimal 379)
   defining Unicode char U+017C (decimal 380)
   defining Unicode char U+017D (decimal 381)
   defining Unicode char U+017E (decimal 382)
   defining Unicode char U+200C (decimal 8204)
   defining Unicode char U+2013 (decimal 8211)
   defining Unicode char U+2014 (decimal 8212)
   defining Unicode char U+2018 (decimal 8216)
   defining Unicode char U+2019 (decimal 8217)
   defining Unicode char U+201A (decimal 8218)
   defining Unicode char U+201C (decimal 8220)
   defining Unicode char U+201D (decimal 8221)
   defining Unicode char U+201E (decimal 8222)
   defining Unicode char U+2030 (decimal 8240)
   defining Unicode char U+2031 (decimal 8241)
   defining Unicode char U+2039 (decimal 8249)
   defining Unicode char U+203A (decimal 8250)
   defining Unicode char U+2423 (decimal 9251)
)
Now handling font encoding OT1 ...
... processing UTF-8 mapping file for font encoding OT1

(/usr/share/texmf-dist/tex/latex/base/ot1enc.dfu
File: ot1enc.dfu 2008/04/05 v1.1m UTF-8 support for inputenc
   defining Unicode char U+00A1 (decimal 161)
   defining Unicode char U+00A3 (decimal 163)
   defining Unicode char U+00B8 (decimal 184)
   defining Unicode char U+00BF (decimal 191)
   defining Unicode char U+00C5 (decimal 197)
   defining Unicode char U+00C6 (decimal 198)
   defining Unicode char U+00D8 (decimal 216)
   defining Unicode char U+00DF (decimal 223)
   defining Unicode char U+00E6 (decimal 230)
   defining Unicode char U+00EC (decimal 236)
   defining Unicode char U+00ED (decimal 237)
   defining Unicode char U+00EE (decimal 238)
   defining Unicode char U+00EF (decimal 239)
   defining Unicode char U+00F8 (decimal 248)
   defining Unicode char U+0131 (decimal 305)
   defining Unicode char U+0141 (decimal 321)
   defining Unicode char U+0142 (decimal 322)
   defining Unicode char U+0152 (decimal 338)
   defining Unicode char U+0153 (decimal 339)
   defining Unicode char U+2013 (decimal 8211)
   defining Unicode char U+2014 (decimal 8212)
   defining Unicode char U+2018 (decimal 8216)
   defining Unicode char U+2019 (decimal 8217)
   defining Unicode char U+201C (decimal 8220)
   defining Unicode char U+201D (decimal 8221)
)
Now handling font encoding OMS ...
... processing UTF-8 mapping file for font encoding OMS

(/usr/share/texmf-dist/tex/latex/base/omsenc.dfu
File: omsenc.dfu 2008/04/05 v1.1m UTF-8 support for inputenc
   defining Unicode char U+00A7 (decimal 167)
   defining Unicode char U+00B6 (decimal 182)
   defining Unicode char U+00B7 (decimal 183)
   defining Unicode char U+2020 (decimal 8224)
   defining Unicode char U+2021 (decimal 8225)
   defining Unicode char U+2022 (decimal 8226)
)
Now handling font encoding OMX ...
... no UTF-8 mapping file for font encoding OMX
Now handling font encoding U ...
... no UTF-8 mapping file for font encoding U
   defining Unicode char U+00A9 (decimal 169)
   defining Unicode char U+00AA (decimal 170)
   defining Unicode char U+00AE (decimal 174)
   defining Unicode char U+00BA (decimal 186)
   defining Unicode char U+02C6 (decimal 710)
   defining Unicode char U+02DC (decimal 732)
   defining Unicode char U+200C (decimal 8204)
   defining Unicode char U+2026 (decimal 8230)
   defining Unicode char U+2122 (decimal 8482)
   defining Unicode char U+2423 (decimal 9251)
))
(/usr/share/texmf-dist/tex/latex/base/fontenc.sty
Package: fontenc 2005/09/27 v1.99g Standard LaTeX package

(/usr/share/texmf-dist/tex/latex/base/t1enc.def
File: t1enc.def 2005/09/27 v1.99g Standard LaTeX file
LaTeX Font Info:    Redeclaring font encoding T1 on input line 43.
))
(/usr/share/texmf-dist/tex/latex/base/textcomp.sty
Package: textcomp 2005/09/27 v1.99g Standard LaTeX package
Package textcomp Info: Sub-encoding information:
(textcomp)               5 = only ISO-Adobe without \textcurrency
(textcomp)               4 = 5 + \texteuro
(textcomp)               3 = 4 + \textohm
(textcomp)               2 = 3 + \textestimated + \textcurrency
(textcomp)               1 = TS1 - \textcircled - \t
(textcomp)               0 = TS1 (full)
(textcomp)             Font families with sub-encoding setting implement
(textcomp)             only a restricted character set as indicated.
(textcomp)             Family '?' is the default used for unknown fonts.
(textcomp)             See the documentation for details.
Package textcomp Info: Setting ? sub-encoding to TS1/1 on input line 71.

(/usr/share/texmf-dist/tex/latex/base/ts1enc.def
File: ts1enc.def 2001/06/05 v3.0e (jk/car/fm) Standard LaTeX file
Now handling font encoding TS1 ...
... processing UTF-8 mapping file for font encoding TS1

(/usr/share/texmf-dist/tex/latex/base/ts1enc.dfu
File: ts1enc.dfu 2008/04/05 v1.1m UTF-8 support for inputenc
   defining Unicode char U+00A2 (decimal 162)
   defining Unicode char U+00A3 (decimal 163)
   defining Unicode char U+00A4 (decimal 164)
   defining Unicode char U+00A5 (decimal 165)
   defining Unicode char U+00A6 (decimal 166)
   defining Unicode char U+00A7 (decimal 167)
   defining Unicode char U+00A8 (decimal 168)
   defining Unicode char U+00A9 (decimal 169)
   defining Unicode char U+00AA (decimal 170)
   defining Unicode char U+00AC (decimal 172)
   defining Unicode char U+00AE (decimal 174)
   defining Unicode char U+00AF (decimal 175)
   defining Unicode char U+00B0 (decimal 176)
   defining Unicode char U+00B1 (decimal 177)
   defining Unicode char U+00B2 (decimal 178)
   defining Unicode char U+00B3 (decimal 179)
   defining Unicode char U+00B4 (decimal 180)
   defining Unicode char U+00B5 (decimal 181)
   defining Unicode char U+00B6 (decimal 182)
   defining Unicode char U+00B7 (decimal 183)
   defining Unicode char U+00B9 (decimal 185)
   defining Unicode char U+00BA (decimal 186)
   defining Unicode char U+00BC (decimal 188)
   defining Unicode char U+00BD (decimal 189)
   defining Unicode char U+00BE (decimal 190)
   defining Unicode char U+00D7 (decimal 215)
   defining Unicode char U+00F7 (decimal 247)
   defining Unicode char U+0192 (decimal 402)
   defining Unicode char U+02C7 (decimal 711)
   defining Unicode char U+02D8 (decimal 728)
   defining Unicode char U+02DD (decimal 733)
   defining Unicode char U+0E3F (decimal 3647)
   defining Unicode char U+2016 (decimal 8214)
   defining Unicode char U+2020 (decimal 8224)
   defining Unicode char U+2021 (decimal 8225)
   defining Unicode char U+2022 (decimal 8226)
   defining Unicode char U+2030 (decimal 8240)
   defining Unicode char U+2031 (decimal 8241)
   defining Unicode char U+203B (decimal 8251)
   defining Unicode char U+203D (decimal 8253)
   defining Unicode char U+2044 (decimal 8260)
   defining Unicode char U+204E (decimal 8270)
   defining Unicode char U+2052 (decimal 8274)
   defining Unicode char U+20A1 (decimal 8353)
   defining Unicode char U+20A4 (decimal 8356)
   defining Unicode char U+20A6 (decimal 8358)
   defining Unicode char U+20A9 (decimal 8361)
   defining Unicode char U+20AB (decimal 8363)
   defining Unicode char U+20AC (decimal 8364)
   defining Unicode char U+20B1 (decimal 8369)
   defining Unicode char U+2103 (decimal 8451)
   defining Unicode char U+2116 (decimal 8470)
   defining Unicode char U+2117 (decimal 8471)
   defining Unicode char U+211E (decimal 8478)
   defining Unicode char U+2120 (decimal 8480)
   defining Unicode char U+2122 (decimal 8482)
   defining Unicode char U+2126 (decimal 8486)
   defining Unicode char U+2127 (decimal 8487)
   defining Unicode char U+212E (decimal 8494)
   defining Unicode char U+2190 (decimal 8592)
   defining Unicode char U+2191 (decimal 8593)
   defining Unicode char U+2192 (decimal 8594)
   defining Unicode char U+2193 (decimal 8595)
   defining Unicode char U+2329 (decimal 9001)
   defining Unicode char U+232A (decimal 9002)
   defining Unicode char U+2422 (decimal 9250)
   defining Unicode char U+25E6 (decimal 9702)
   defining Unicode char U+25EF (decimal 9711)
   defining Unicode char U+266A (decimal 9834)
))
LaTeX Info: Redefining \oldstylenums on input line 266.
Package textcomp Info: Setting cmr sub-encoding to TS1/0 on input line 281.
Package textcomp Info: Setting cmss sub-encoding to TS1/0 on input line 282.
Package textcomp Info: Setting cmtt sub-encoding to TS1/0 on input line 283.
Package textcomp Info: Setting cmvtt sub-encoding to TS1/0 on input line 284.
Package textcomp Info: Setting cmbr sub-encoding to TS1/0 on input line 285.
Package textcomp Info: Setting cmtl sub-encoding to TS1/0 on input line 286.
Package textcomp Info: Setting ccr sub-encoding to TS1/0 on input line 287.
Package textcomp Info: Setting ptm sub-encoding to TS1/4 on input line 288.
Package textcomp Info: Setting pcr sub-encoding to TS1/4 on input line 289.
Package textcomp Info: Setting phv sub-encoding to TS1/4 on input line 290.
Package textcomp Info: Setting ppl sub-encoding to TS1/3 on input line 291.
Package textcomp Info: Setting pag sub-encoding to TS1/4 on input line 292.
Package textcomp Info: Setting pbk sub-encoding to TS1/4 on input line 293.
Package textcomp Info: Setting pnc sub-encoding to TS1/4 on input line 294.
Package textcomp Info: Setting pzc sub-encoding to TS1/4 on input line 295.
Package textcomp Info: Setting bch sub-encoding to TS1/4 on input line 296.
Package textcomp Info: Setting put sub-encoding to TS1/5 on input line 297.
Package textcomp Info: Setting uag sub-encoding to TS1/5 on input line 298.
Package textcomp Info: Setting ugq sub-encoding to TS1/5 on input line 299.
Package textcomp Info: Setting ul8 sub-encoding to TS1/4 on input line 300.
Package textcomp Info: Setting ul9 sub-encoding to TS1/4 on input line 301.
Package textcomp Info: Setting augie sub-encoding to TS1/5 on input line 302.
Package textcomp Info: Setting dayrom sub-encoding to TS1/3 on input line 303.
Package textcomp Info: Setting dayroms sub-encoding to TS1/3 on input line 304.

Package textcomp Info: Setting pxr sub-encoding to TS1/0 on input line 305.
Package textcomp Info: Setting pxss sub-encoding to TS1/0 on input line 306.
Package textcomp Info: Setting pxtt sub-encoding to TS1/0 on input line 307.
Package textcomp Info: Setting txr sub-encoding to TS1/0 on input line 308.
Package textcomp Info: Setting txss sub-encoding to TS1/0 on input line 309.
Package textcomp Info: Setting txtt sub-encoding to TS1/0 on input line 310.
Package textcomp Info: Setting futs sub-encoding to TS1/4 on input line 311.
Package textcomp Info: Setting futx sub-encoding to TS1/4 on input line 312.
Package textcomp Info: Setting futj sub-encoding to TS1/4 on input line 313.
Package textcomp Info: Setting hlh sub-encoding to TS1/3 on input line 314.
Package textcomp Info: Setting hls sub-encoding to TS1/3 on input line 315.
Package textcomp Info: Setting hlst sub-encoding to TS1/3 on input line 316.
Package textcomp Info: Setting hlct sub-encoding to TS1/5 on input line 317.
Package textcomp Info: Setting hlx sub-encoding to TS1/5 on input line 318.
Package textcomp Info: Setting hlce sub-encoding to TS1/5 on input line 319.
Package textcomp Info: Setting hlcn sub-encoding to TS1/5 on input line 320.
Package textcomp Info: Setting hlcw sub-encoding to TS1/5 on input line 321.
Package textcomp Info: Setting hlcf sub-encoding to TS1/5 on input line 322.
Package textcomp Info: Setting pplx sub-encoding to TS1/3 on input line 323.
Package textcomp Info: Setting pplj sub-encoding to TS1/3 on input line 324.
Package textcomp Info: Setting ptmx sub-encoding to TS1/4 on input line 325.
Package textcomp Info: Setting ptmj sub-encoding to TS1/4 on input line 326.
)
(/usr/share/texmf-dist/tex/latex/graphics/graphicx.sty
Package: graphicx 1999/02/16 v1.0f Enhanced LaTeX Graphics (DPC,SPQR)

(/usr/share/texmf-dist/tex/latex/graphics/graphics.sty
Package: graphics 2009/02/05 v1.0o Standard LaTeX Graphics (DPC,SPQR)

(/usr/share/texmf-dist/tex/latex/graphics/trig.sty
Package: trig 1999/03/16 v1.09 sin cos tan (DPC)
)
(/usr/share/texmf-dist/tex/latex/latexconfig/graphics.cfg
File: graphics.cfg 2010/04/23 v1.9 graphics configuration of TeX Live
)
Package graphics Info: Driver file: dvips.def on input line 91.

(/usr/share/texmf-dist/tex/latex/graphics/dvips.def
File: dvips.def 1999/02/16 v3.0i Driver-dependant file (DPC,SPQR)
))
\Gin@req@height=\dimen104
\Gin@req@width=\dimen105
)
(/usr/share/texmf-dist/tex/latex/amsmath/amsmath.sty
Package: amsmath 2000/07/18 v2.13 AMS math features
\@mathmargin=\skip47

For additional information on amsmath, use the `?' option.
(/usr/share/texmf-dist/tex/latex/amsmath/amstext.sty
Package: amstext 2000/06/29 v2.01

(/usr/share/texmf-dist/tex/latex/amsmath/amsgen.sty
File: amsgen.sty 1999/11/30 v2.0
\@emptytoks=\toks17
\ex@=\dimen106
))
(/usr/share/texmf-dist/tex/latex/amsmath/amsbsy.sty
Package: amsbsy 1999/11/29 v1.2d
\pmbraise@=\dimen107
)
(/usr/share/texmf-dist/tex/latex/amsmath/amsopn.sty
Package: amsopn 1999/12/14 v2.01 operator names
)
\inf@bad=\count90
LaTeX Info: Redefining \frac on input line 211.
\uproot@=\count91
\leftroot@=\count92
LaTeX Info: Redefining \overline on input line 307.
\classnum@=\count93
\DOTSCASE@=\count94
LaTeX Info: Redefining \ldots on input line 379.
LaTeX Info: Redefining \dots on input line 382.
LaTeX Info: Redefining \cdots on input line 467.
\Mathstrutbox@=\box27
\strutbox@=\box28
\big@size=\dimen108
LaTeX Font Info:    Redeclaring font encoding OML on input line 567.
LaTeX Font Info:    Redeclaring font encoding OMS on input line 568.
\macc@depth=\count95
\c@MaxMatrixCols=\count96
\dotsspace@=\muskip10
\c@parentequation=\count97
\dspbrk@lvl=\count98
\tag@help=\toks18
\row@=\count99
\column@=\count100
\maxfields@=\count101
\andhelp@=\toks19
\eqnshift@=\dimen109
\alignsep@=\dimen110
\tagshift@=\dimen111
\tagwidth@=\dimen112
\totwidth@=\dimen113
\lineht@=\dimen114
\@envbody=\toks20
\multlinegap=\skip48
\multlinetaggap=\skip49
\mathdisplay@stack=\toks21
LaTeX Info: Redefining \[ on input line 2666.
LaTeX Info: Redefining \] on input line 2667.
)
(/usr/share/texmf-dist/tex/latex/amsfonts/amsfonts.sty
Package: amsfonts 2009/06/22 v3.00 Basic AMSFonts support
\symAMSa=\mathgroup4
\symAMSb=\mathgroup5
LaTeX Font Info:    Overwriting math alphabet `\mathfrak' in version `bold'
(Font)                  U/euf/m/n --> U/euf/b/n on input line 96.
)
(/usr/share/texmf-dist/tex/latex/base/makeidx.sty
Package: makeidx 2000/03/29 v1.0m Standard LaTeX package
)
(/usr/share/texmf-dist/tex/latex/setspace/setspace.sty
Package: setspace 2000/12/01 6.7 Contributed and Supported LaTeX2e package

Package: `setspace' 6.7 <2000/12/01>
) (/usr/share/texmf-dist/tex/latex/geometry/geometry.sty
Package: geometry 2010/09/12 v5.6 Page Geometry

(/usr/share/texmf-dist/tex/generic/oberdiek/ifpdf.sty
Package: ifpdf 2010/01/28 v2.1 Provides the ifpdf switch (HO)
Package ifpdf Info: pdfTeX in pdf mode detected.
)
(/usr/share/texmf-dist/tex/generic/oberdiek/ifvtex.sty
Package: ifvtex 2010/03/01 v1.5 Switches for detecting VTeX and its modes (HO)
Package ifvtex Info: VTeX not detected.
)
(/usr/share/texmf-dist/tex/generic/ifxetex/ifxetex.sty
Package: ifxetex 2010/09/12 v0.6 Provides ifxetex conditional
)
\Gm@cnth=\count102
\Gm@cntv=\count103
\c@Gm@tempcnt=\count104
\Gm@bindingoffset=\dimen115
\Gm@wd@mp=\dimen116
\Gm@odd@mp=\dimen117
\Gm@even@mp=\dimen118
\Gm@layoutwidth=\dimen119
\Gm@layoutheight=\dimen120
\Gm@layouthoffset=\dimen121
\Gm@layoutvoffset=\dimen122
\Gm@dimlist=\toks22
)
(/usr/share/texmf-dist/tex/latex/nomencl/nomencl.sty
Package: nomencl 2005/09/22 v4.2 Nomenclature package (LN)
\nomlabelwidth=\dimen123
\nom@tempdim=\dimen124
\nomitemsep=\skip50
)
(/usr/share/texmf-site/tex/latex/floatflt/floatflt.sty
Package: floatflt 1997/07/16 v. 1.31
\c@OptionTest=\count105
\figbox=\box29
\tabbox=\box30
\pagebox=\box31
\ffigcount=\count106
\ftabcount=\count107
\fftest=\count108
\hangcount=\count109
\nosuccesstryfig=\count110
\nosuccesstrytab=\count111
\figgutter=\dimen125
\tabgutter=\dimen126
\htdone=\dimen127
\pageht=\dimen128
\startpageht=\dimen129
\tabbredd=\dimen130
\floatfltwidth=\dimen131
\fltitemwidth=\dimen132
\outputpretest=\toks23
)
(/usr/share/texmf-dist/tex/latex/listings/listings.sty
\lst@mode=\count112
\lst@gtempboxa=\box32
\lst@token=\toks24
\lst@length=\count113
\lst@currlwidth=\dimen133
\lst@column=\count114
\lst@pos=\count115
\lst@lostspace=\dimen134
\lst@width=\dimen135
\lst@newlines=\count116
\lst@lineno=\count117
\lst@maxwidth=\dimen136

(/usr/share/texmf-dist/tex/latex/listings/lstmisc.sty
File: lstmisc.sty 2007/02/22 1.4 (Carsten Heinz)
\c@lstnumber=\count118
\lst@skipnumbers=\count119
\lst@framebox=\box33
)
(/usr/share/texmf-dist/tex/latex/listings/listings.cfg
File: listings.cfg 2007/02/22 1.4 listings configuration
))
Package: listings 2007/02/22 1.4 (Carsten Heinz)

(/usr/share/texmf-site/tex/latex/xcolor/xcolor.sty
Package: xcolor 2007/01/21 v2.11 LaTeX color extensions (UK)

(/usr/share/texmf-dist/tex/latex/latexconfig/color.cfg
File: color.cfg 2007/01/18 v1.5 color configuration of teTeX/TeXLive
)
Package xcolor Info: Driver file: pdftex.def on input line 225.

(/usr/share/texmf-dist/tex/latex/pdftex-def/pdftex.def
File: pdftex.def 2010/09/14 v0.05b Graphics/color for pdfTeX
\Gread@gobject=\count120
)
Package xcolor Info: Model `cmy' substituted by `cmy0' on input line 1337.
Package xcolor Info: Model `RGB' extended on input line 1353.
Package xcolor Info: Model `HTML' substituted by `rgb' on input line 1355.
Package xcolor Info: Model `Hsb' substituted by `hsb' on input line 1356.
Package xcolor Info: Model `tHsb' substituted by `hsb' on input line 1357.
Package xcolor Info: Model `HSB' substituted by `hsb' on input line 1358.
Package xcolor Info: Model `Gray' substituted by `gray' on input line 1359.
Package xcolor Info: Model `wave' substituted by `hsb' on input line 1360.
)
(/usr/share/texmf-dist/tex/latex/url/url.sty
\Urlmuskip=\muskip11
Package: url 2006/04/12  ver 3.3  Verb mode for urls, etc.
)
(/usr/share/texmf-site/tex/latex/natbib/natbib.sty
Package: natbib 2010/09/13 8.31b (PWD, AO)
\bibhang=\skip51
\bibsep=\skip52
LaTeX Info: Redefining \cite on input line 694.
\c@NAT@ctr=\count121
)
(/usr/share/texmf-dist/tex/latex/hyperref/hyperref.sty
Package: hyperref 2010/09/17 v6.81q Hypertext links for LaTeX

(/usr/share/texmf-dist/tex/generic/oberdiek/ltxcmds.sty
Package: ltxcmds 2010/04/26 v1.7 LaTeX kernel commands for general use (HO)
)
(/usr/share/texmf-dist/tex/generic/oberdiek/infwarerr.sty
Package: infwarerr 2010/04/08 v1.3 Providing info/warning/message (HO)
)
(/usr/share/texmf-dist/tex/generic/oberdiek/kvsetkeys.sty
Package: kvsetkeys 2010/03/01 v1.9 Key value parser (HO)

(/usr/share/texmf-dist/tex/generic/oberdiek/etexcmds.sty
Package: etexcmds 2010/01/28 v1.3 Prefix for e-TeX command names (HO)
Package etexcmds Info: Could not find \expanded.
(etexcmds)             That can mean that you are not using pdfTeX 1.50 or
(etexcmds)             that some package has redefined \expanded.
(etexcmds)             In the latter case, load this package earlier.
))
(/usr/share/texmf-dist/tex/generic/oberdiek/pdfescape.sty
Package: pdfescape 2010/03/01 v1.9 Provides hex, PDF name and string conversion
s (HO)

(/usr/share/texmf-dist/tex/generic/oberdiek/pdftexcmds.sty
Package: pdftexcmds 2010/04/01 v0.9 Utility functions of pdfTeX for LuaTeX (HO)


(/usr/share/texmf-dist/tex/generic/oberdiek/ifluatex.sty
Package: ifluatex 2010/03/01 v1.3 Provides the ifluatex switch (HO)
Package ifluatex Info: LuaTeX not detected.
)
Package pdftexcmds Info: LuaTeX not detected.
Package pdftexcmds Info: \pdf@primitive is available.
Package pdftexcmds Info: \pdf@ifprimitive is available.
))
(/usr/share/texmf-dist/tex/latex/oberdiek/hycolor.sty
Package: hycolor 2009/12/12 v1.6 Color options of hyperref/bookmark (HO)

(/usr/share/texmf-dist/tex/latex/oberdiek/xcolor-patch.sty
Package: xcolor-patch 2009/12/12 xcolor patch
))
(/usr/share/texmf-dist/tex/latex/oberdiek/letltxmacro.sty
Package: letltxmacro 2008/06/24 v1.3 Let assignment for LaTeX macros (HO)
)
(/usr/share/texmf-dist/tex/latex/oberdiek/kvoptions.sty
Package: kvoptions 2010/02/22 v3.7 Keyval support for LaTeX options (HO)
)
\@linkdim=\dimen137
\Hy@linkcounter=\count122
\Hy@pagecounter=\count123

(/usr/share/texmf-dist/tex/latex/hyperref/pd1enc.def
File: pd1enc.def 2010/09/17 v6.81q Hyperref: PDFDocEncoding definition (HO)
Now handling font encoding PD1 ...
... no UTF-8 mapping file for font encoding PD1
)
(/usr/share/texmf-dist/tex/generic/oberdiek/intcalc.sty
Package: intcalc 2007/09/27 v1.1 Expandable integer calculations (HO)
)
\Hy@SavedSpaceFactor=\count124

(/usr/share/texmf-dist/tex/latex/latexconfig/hyperref.cfg
File: hyperref.cfg 2002/06/06 v1.2 hyperref configuration of TeXLive
)
Package hyperref Info: Option `final' set `true' on input line 3798.
Package hyperref Info: Option `bookmarks' set `true' on input line 3798.
Package hyperref Info: Option `bookmarksopen' set `true' on input line 3798.
Package hyperref Info: Option `colorlinks' set `true' on input line 3798.
Package hyperref Info: Option `plainpages' set `false' on input line 3798.
Package hyperref Info: Option `pdfpagelabels' set `true' on input line 3798.
Package hyperref Info: Option `hypertexnames' set `false' on input line 3798.
Package hyperref Info: Hyper figures OFF on input line 3902.
Package hyperref Info: Link nesting OFF on input line 3907.
Package hyperref Info: Hyper index ON on input line 3910.
Package hyperref Info: Plain pages OFF on input line 3917.
Package hyperref Info: Backreferencing ON on input line 3920.
Package hyperref Info: Implicit mode ON; LaTeX internals redefined.
Package hyperref Info: Bookmarks ON on input line 4132.

(/usr/share/texmf-dist/tex/latex/hyperref/backref.sty
Package: backref 2010/08/30 v1.36 Bibliographical back referencing

(/usr/share/texmf-dist/tex/latex/oberdiek/rerunfilecheck.sty
Package: rerunfilecheck 2010/03/16 v1.6 Rerun checks for auxiliary files (HO)

(/usr/share/texmf-dist/tex/latex/oberdiek/atveryend.sty
Package: atveryend 2010/03/24 v1.5 Hooks at very end of document (HO)
Package atveryend Info: \enddocument detected (standard).
)
(/usr/share/texmf-dist/tex/generic/oberdiek/uniquecounter.sty
Package: uniquecounter 2009/12/18 v1.1 Provides unlimited unique counter (HO)

(/usr/share/texmf-dist/tex/generic/oberdiek/bigintcalc.sty
Package: bigintcalc 2007/11/11 v1.1 Expandable big integer calculations (HO)
))
Package uniquecounter Info: New unique counter `rerunfilecheck' on input line 2
71.
))
\c@Hy@tempcnt=\count125
LaTeX Info: Redefining \url on input line 4487.

(/usr/share/texmf-dist/tex/generic/oberdiek/bitset.sty
Package: bitset 2007/09/28 v1.0 Data type bit set (HO)
)
\Fld@menulength=\count126
\Field@Width=\dimen138
\Fld@charsize=\dimen139
Package hyperref Info: Hyper figures OFF on input line 5526.
Package hyperref Info: Link nesting OFF on input line 5531.
Package hyperref Info: Hyper index ON on input line 5534.
Package hyperref Info: backreferencing ON on input line 5539.
Package hyperref Info: Link coloring ON on input line 5544.
Package hyperref Info: Link coloring with OCG OFF on input line 5551.
Package hyperref Info: PDF/A mode OFF on input line 5556.
LaTeX Info: Redefining \ref on input line 5596.
LaTeX Info: Redefining \pageref on input line 5600.

(/usr/share/texmf-dist/tex/generic/oberdiek/atbegshi.sty
Package: atbegshi 2010/03/25 v1.12 At begin shipout hook (HO)
)
\Hy@abspage=\count127
\c@Item=\count128
\c@Hfootnote=\count129
)

Package hyperref Message: Driver (autodetected): hpdftex.

(/usr/share/texmf-dist/tex/latex/hyperref/hpdftex.def
File: hpdftex.def 2010/09/17 v6.81q Hyperref driver for pdfTeX
\Fld@listcount=\count130
\c@bookmark@seq@number=\count131
\Hy@SectionHShift=\skip53
)
(/usr/share/texmf-dist/tex/latex/chngcntr/chngcntr.sty
Package: chngcntr 2009/09/02 v1.0a change counter resetting
)
(/usr/share/texmf-dist/tex/latex/tools/longtable.sty
Package: longtable 2004/02/01 v4.11 Multi-page Table package (DPC)
\LTleft=\skip54
\LTright=\skip55
\LTpre=\skip56
\LTpost=\skip57
\LTchunksize=\count132
\LTcapwidth=\dimen140
\LT@head=\box34
\LT@firsthead=\box35
\LT@foot=\box36
\LT@lastfoot=\box37
\LT@cols=\count133
\LT@rows=\count134
\c@LT@tables=\count135
\c@LT@chunks=\count136
\LT@p@ftn=\toks25
)
Class scrreprt Info: longtable captions redefined on input line 222.

(/usr/share/texmf-dist/tex/latex/tools/array.sty
Package: array 2008/09/09 v2.4c Tabular extension package (FMi)
\col@sep=\dimen141
\extrarowheight=\dimen142
\NC@list=\toks26
\extratabsurround=\skip58
\backup@length=\skip59
)
(/usr/share/texmf-dist/tex/latex/ms/ragged2e.sty
Package: ragged2e 2009/05/21 v2.1 ragged2e Package (MS)

(/usr/share/texmf-dist/tex/latex/ms/everysel.sty
Package: everysel 2009/05/30 v1.1 EverySelectfont Package (MS)
)
\CenteringLeftskip=\skip60
\RaggedLeftLeftskip=\skip61
\RaggedRightLeftskip=\skip62
\CenteringRightskip=\skip63
\RaggedLeftRightskip=\skip64
\RaggedRightRightskip=\skip65
\CenteringParfillskip=\skip66
\RaggedLeftParfillskip=\skip67
\RaggedRightParfillskip=\skip68
\JustifyingParfillskip=\skip69
\CenteringParindent=\skip70
\RaggedLeftParindent=\skip71
\RaggedRightParindent=\skip72
\JustifyingParindent=\skip73
)
(/usr/share/texmf-dist/tex/latex/graphics/lscape.sty
Package: lscape 2000/10/22 v3.01 Landscape Pages (DPC)
)
(/usr/share/texmf-dist/tex/latex/paralist/paralist.sty
Package: paralist 2002/03/18 v2.3b Extended list environments (BS)
\pltopsep=\skip74
\plpartopsep=\skip75
\plitemsep=\skip76
\plparsep=\skip77
\pl@lab=\toks27
)
(/usr/share/texmf-dist/tex/latex/tools/calc.sty
Package: calc 2007/08/22 v4.3 Infix arithmetic (KKT,FJ)
\calc@Acount=\count137
\calc@Bcount=\count138
\calc@Adimen=\dimen143
\calc@Bdimen=\dimen144
\calc@Askip=\skip78
\calc@Bskip=\skip79
LaTeX Info: Redefining \setlength on input line 76.
LaTeX Info: Redefining \addtolength on input line 77.
\calc@Ccount=\count139
\calc@Cskip=\skip80
)
(/usr/share/texmf-dist/tex/latex/tools/tabularx.sty
Package: tabularx 1999/01/07 v2.07 `tabularx' package (DPC)
\TX@col@width=\dimen145
\TX@old@table=\dimen146
\TX@old@col=\dimen147
\TX@target=\dimen148
\TX@delta=\dimen149
\TX@cols=\count140
\TX@ftn=\toks28
)
(/usr/share/texmf-dist/tex/latex/colortbl/colortbl.sty
Package: colortbl 2001/02/13 v0.1j Color table columns (DPC)
\everycr=\toks29
\minrowclearance=\skip81
)
(/usr/share/texmf-dist/tex/latex/multirow/multirow.sty
\bigstrutjot=\dimen150
)
(/usr/share/texmf-dist/tex/latex/tools/dcolumn.sty
Package: dcolumn 2001/05/28 v1.06 decimal alignment package (DPC)
))
\@indexfile=\write3
\openout3 = `Praxisbericht.idx'.


Writing index file Praxisbericht.idx
\@nomenclaturefile=\write4
\openout4 = `Praxisbericht.nlo'.

Writing nomenclature file Praxisbericht.nlo
(./Seitenstil.tex)
\@input{Silbentrennung.aux}
\openout2 = `Silbentrennung.aux'.

(./Silbentrennung.tex) (./Praxisbericht.aux (./Deckblatt.aux)
(./Inhalt/Einleitung.aux) (./Inhalt/Kapitel_Hardware.aux)
(./Inhalt/Kapitel_Software.aux) (./Inhalt/Kapitel_AufbauderArbeit.aux

LaTeX Warning: Label `fig:Motorverkabelung' multiply defined.

) (./Inhalt/Fazit.aux) (./Inhalt/Erklaerung.aux) (./Inhalt/StepByStep.aux)
(./Inhalt/Tabelle_ASCII_Befehle.aux) (./Inhalt/Tabelle_Protokolle_RF.aux)
(./Inhalt/Tabelle_TD_VI900.aux) (./Inhalt/Werkzeuge.aux)
(./Inhalt/Anhang_Codelistings.aux) (./Inhalt/Anhang_Danksagung.aux))
\openout1 = `Praxisbericht.aux'.

LaTeX Font Info:    Checking defaults for OML/cmm/m/it on input line 54.
LaTeX Font Info:    ... okay on input line 54.
LaTeX Font Info:    Checking defaults for T1/cmr/m/n on input line 54.
LaTeX Font Info:    ... okay on input line 54.
LaTeX Font Info:    Checking defaults for OT1/cmr/m/n on input line 54.
LaTeX Font Info:    ... okay on input line 54.
LaTeX Font Info:    Checking defaults for OMS/cmsy/m/n on input line 54.
LaTeX Font Info:    ... okay on input line 54.
LaTeX Font Info:    Checking defaults for OMX/cmex/m/n on input line 54.
LaTeX Font Info:    ... okay on input line 54.
LaTeX Font Info:    Checking defaults for U/cmr/m/n on input line 54.
LaTeX Font Info:    ... okay on input line 54.
LaTeX Font Info:    Checking defaults for TS1/cmr/m/n on input line 54.
LaTeX Font Info:    Try loading font information for TS1+cmr on input line 54.

(/usr/share/texmf-dist/tex/latex/base/ts1cmr.fd
File: ts1cmr.fd 1999/05/25 v2.5h Standard LaTeX font definitions
)
LaTeX Font Info:    ... okay on input line 54.
LaTeX Font Info:    Checking defaults for PD1/pdf/m/n on input line 54.
LaTeX Font Info:    ... okay on input line 54.

(/usr/share/texmf-dist/tex/latex/oberdiek/epstopdf-base.sty
Package: epstopdf-base 2010/02/09 v2.5 Base part for package epstopdf

(/usr/share/texmf-dist/tex/latex/oberdiek/grfext.sty
Package: grfext 2007/09/30 v1.0 Managing graphics extensions (HO)
)
Package epstopdf-base Info: Redefining graphics rule for `.eps' on input line 4
18.
Package grfext Info: Graphics extension search list:
(grfext)             [.png,.pdf,.jpg,.mps,.jpeg,.jbig2,.jb2,.PNG,.PDF,.JPG,.JPE
G,.JBIG2,.JB2,.eps]
(grfext)             \AppendGraphicsExtensions on input line 436.

(/usr/share/texmf-dist/tex/latex/latexconfig/epstopdf-sys.cfg
File: epstopdf-sys.cfg 2010/07/13 v1.3 Configuration of (r)epstopdf for TeX Liv
e
))
*geometry* driver: auto-detecting
*geometry* detected driver: pdftex
*geometry* verbose mode - [ preamble ] result:
* driver: pdftex
* paper: a4paper
* layout: <same size as paper>
* layoutoffset:(h,v)=(0.0pt,0.0pt)
* modes: 
* h-part:(L,W,R)=(99.58464pt, 398.3386pt, 99.58464pt)
* v-part:(T,H,B)=(85.35826pt, 645.87756pt, 113.81102pt)
* \paperwidth=597.50787pt
* \paperheight=845.04684pt
* \textwidth=398.3386pt
* \textheight=645.87756pt
* \oddsidemargin=27.31465pt
* \evensidemargin=27.31465pt
* \topmargin=-24.31174pt
* \headheight=59.75078pt
* \headsep=20.40001pt
* \topskip=11.0pt
* \footskip=47.60002pt
* \marginparwidth=59.7508pt
* \marginparsep=12.8401pt
* \columnsep=10.0pt
* \skip\footins=10.0pt plus 4.0pt minus 2.0pt
* \hoffset=0.0pt
* \voffset=0.0pt
* \mag=1000
* \@twocolumnfalse
* \@twosidefalse
* \@mparswitchfalse
* \@reversemarginfalse
* (1in=72.27pt=25.4mm, 1cm=28.453pt)

\c@lstlisting=\count141
(/usr/share/texmf-dist/tex/context/base/supp-pdf.mkii
[Loading MPS to PDF converter (version 2006.09.02).]
\scratchcounter=\count142
\scratchdimen=\dimen151
\scratchbox=\box38
\nofMPsegments=\count143
\nofMParguments=\count144
\everyMPshowfont=\toks30
\MPscratchCnt=\count145
\MPscratchDim=\dimen152
\MPnumerator=\count146
\everyMPtoPDFconversion=\toks31
)
Package backref Info: ** backref set up for natbib ** on input line 54.
\AtBeginShipoutBox=\box39
Package hyperref Info: Link coloring ON on input line 54.
 (/usr/share/texmf-dist/tex/latex/hyperref/nameref.sty
Package: nameref 2010/04/30 v2.40 Cross-referencing by name of section

(/usr/share/texmf-dist/tex/latex/oberdiek/refcount.sty
Package: refcount 2008/08/11 v3.1 Data extraction from references (HO)
)
(/usr/share/texmf-dist/tex/generic/oberdiek/gettitlestring.sty
Package: gettitlestring 2009/12/18 v1.3 Cleanup title references (HO)
)
\c@section@level=\count147
)
LaTeX Info: Redefining \ref on input line 54.
LaTeX Info: Redefining \pageref on input line 54.
LaTeX Info: Redefining \nameref on input line 54.

(./Praxisbericht.out) (./Praxisbericht.out)
\@outlinefile=\write5
\openout5 = `Praxisbericht.out'.

LaTeX Info: Redefining \selectfont on input line 54.
\openout2 = `Deckblatt.aux'.

 (./Deckblatt.tex
<Bilder/RAC_Logo.jpg, id=277, 250.9375pt x 124.465pt>
File: Bilder/RAC_Logo.jpg Graphic file (type jpg)

<use Bilder/RAC_Logo.jpg>
LaTeX Font Info:    Try loading font information for U+msa on input line 15.
 (/usr/share/texmf-dist/tex/latex/amsfonts/umsa.fd
File: umsa.fd 2009/06/22 v3.00 AMS symbols A
)
LaTeX Font Info:    Try loading font information for U+msb on input line 15.

(/usr/share/texmf-dist/tex/latex/amsfonts/umsb.fd
File: umsb.fd 2009/06/22 v3.00 AMS symbols B
) [1






{//var/lib/texmf/fonts/map/pdftex/updmap/pdftex.map} <./Bilder/RAC_Logo.jpg>])
LaTeX Font Info:    Try loading font information for T1+cmss on input line 71.

(/usr/share/texmf-dist/tex/latex/base/t1cmss.fd
File: t1cmss.fd 1999/05/25 v2.5h Standard LaTeX font definitions
) (./Praxisbericht.toc
File: Bilder/RAC_Logo.jpg Graphic file (type jpg)

<use Bilder/RAC_Logo.jpg> [1


]
File: Bilder/RAC_Logo.jpg Graphic file (type jpg)
 <use Bilder/RAC_Logo.jpg> [2])
\tf@toc=\write6
\openout6 = `Praxisbericht.toc'.


(./Inhalt/Glossar.tex)
No file Praxisbericht.nls.
File: Bilder/RAC_Logo.jpg Graphic file (type jpg)
<use Bilder/RAC_Logo.jpg> [3] (./Praxisbericht.lof)
\tf@lof=\write7
\openout7 = `Praxisbericht.lof'.

File: Bilder/RAC_Logo.jpg Graphic file (type jpg)
 <use Bilder/RAC_Logo.jpg>
[4

] (./Praxisbericht.lot)
\tf@lot=\write8
\openout8 = `Praxisbericht.lot'.



Class scrreprt Warning: Usage of deprecated \float@listhead!
(scrreprt)              You should use the features of package `tocbasic'
(scrreprt)              instead of \float@listhead.
(scrreprt)              Definition of \float@listhead my be removed from
(scrreprt)              `scrreprt' soon, so it should not be used  on input lin
e 81.

File: Bilder/RAC_Logo.jpg Graphic file (type jpg)
<use Bilder/RAC_Logo.jpg> [5

] (./Praxisbericht.lol)
\tf@lol=\write9
\openout9 = `Praxisbericht.lol'.

File: Bilder/RAC_Logo.jpg Graphic file (type jpg)
 <use Bilder/RAC_Logo.jpg>
[6

]
\openout2 = `Inhalt/Einleitung.aux'.

 (./Inhalt/Einleitung.tex
Kapitel 1.

Class scrreprt Warning: \float@addtolists detected!
(scrreprt)              You should use the features of package `tocbasic'
(scrreprt)              instead of \float@addtolists.
(scrreprt)              Support for \float@addtolists may be removed from
(scrreprt)              `scrreprt' soon .

)
Overfull \hbox (0.2011pt too wide) in paragraph at lines 3--91
\T1/cmr/m/n/10.95 einsatzgebiete fin-den sich in der Bau-tei-le-prü-fung, der E
r-stel-lung von Finite-Elemente-
 []

File: Bilder/RAC_Logo.jpg Graphic file (type jpg)
<use Bilder/RAC_Logo.jpg> [1



]
\openout2 = `Inhalt/Kapitel_Hardware.aux'.

 (./Inhalt/Kapitel_Hardware.tex
Kapitel 2.
<Bilder/Blender/Schema_Arbeitsplatz.png, id=489, 349.7868pt x 241.3818pt>
File: Bilder/Blender/Schema_Arbeitsplatz.png Graphic file (type png)

<use Bilder/Blender/Schema_Arbeitsplatz.png>
File: Bilder/RAC_Logo.jpg Graphic file (type jpg)
 <use Bilder/RAC_Logo.jpg> [2



 <./Bilder/Blender/Schema_Arbeitsplatz.png (PNG copy)>]
LaTeX Font Info:    Try loading font information for T1+cmtt on input line 31.

(/usr/share/texmf-dist/tex/latex/base/t1cmtt.fd
File: t1cmtt.fd 1999/05/25 v2.5h Standard LaTeX font definitions
)
<Bilder/vi900-big.jpg, id=504, 43.8438pt x 72.27pt>
File: Bilder/vi900-big.jpg Graphic file (type jpg)
 <use Bilder/vi900-big.jpg>
<Bilder/Laser-Triangulation.png, id=506, 180.675pt x 252.945pt>
File: Bilder/Laser-Triangulation.png Graphic file (type png)

<use Bilder/Laser-Triangulation.png>
File: Bilder/RAC_Logo.jpg Graphic file (type jpg)
 <use Bilder/RAC_Logo.jpg> [3 <./Bilder/vi900-big.jpg>] <Bilder/Drehtisch.jpg, 
id=521, 599.23875pt x 499.8675pt>
File: Bilder/Drehtisch.jpg Graphic file (type jpg)

<use Bilder/Drehtisch.jpg>
Overfull \hbox (9.5552pt too wide) in paragraph at lines 54--61
\T1/cmr/m/n/10.95 des Rhei-nAhr-Cam-pus Re-ma-gen. Er be-steht aus ei-ner mas-s
i-ven Edelstahl-Arbeitsplatte,
 []


LaTeX Warning: `h' float specifier changed to `ht'.

File: Bilder/RAC_Logo.jpg Graphic file (type jpg)
<use Bilder/RAC_Logo.jpg> [4 <./Bilder/Laser-Triangulation.png (PNG copy)>]
<Bilder/19Zoll_Rack.jpg, id=534, 1284.8pt x 963.6pt>
File: Bilder/19Zoll_Rack.jpg Graphic file (type jpg)

<use Bilder/19Zoll_Rack.jpg>
File: Bilder/RAC_Logo.jpg Graphic file (type jpg)
 <use Bilder/RAC_Logo.jpg> [5 <./Bilder/Drehtisch.jpg>]
File: Bilder/RAC_Logo.jpg Graphic file (type jpg)
 <use Bilder/RAC_Logo.jpg> [6 <./Bilder/19Zoll_Rack.jpg>]
<Bilder/Mikrocontroller_Block.pdf, id=550, 544.51428pt x 402.0822pt>
File: Bilder/Mikrocontroller_Block.pdf Graphic file (type pdf)

<use Bilder/Mikrocontroller_Block.pdf>
<Bilder/STK500_Schema.pdf, id=556, 391.3019pt x 245.79831pt>
File: Bilder/STK500_Schema.pdf Graphic file (type pdf)

<use Bilder/STK500_Schema.pdf>
File: Bilder/RAC_Logo.jpg Graphic file (type jpg)
 <use Bilder/RAC_Logo.jpg> [7])
File: Bilder/RAC_Logo.jpg Graphic file (type jpg)

<use Bilder/RAC_Logo.jpg> [8 <./Bilder/Mikrocontroller_Block.pdf>]
File: Bilder/RAC_Logo.jpg Graphic file (type jpg)

<use Bilder/RAC_Logo.jpg> [9 <./Bilder/STK500_Schema.pdf>]
\openout2 = `Inhalt/Kapitel_Software.aux'.


(./Inhalt/Kapitel_Software.tex
Kapitel 3.
)
File: Bilder/RAC_Logo.jpg Graphic file (type jpg)
 <use Bilder/RAC_Logo.jpg> [10



]
\openout2 = `Inhalt/Kapitel_AufbauderArbeit.aux'.

 (./Inhalt/Kapitel_AufbauderArbeit.tex
Kapitel 4.

Overfull \hbox (12.0pt too wide) in paragraph at lines 4--4
 [] 
 []

File: Bilder/RAC_Logo.jpg Graphic file (type jpg)
<use Bilder/RAC_Logo.jpg> [11



]
(/usr/share/texmf-dist/tex/latex/listings/lstlang1.sty
File: lstlang1.sty 2004/09/05 1.3 listings language file
)
(/usr/share/texmf-dist/tex/latex/listings/lstmisc.sty
File: lstmisc.sty 2007/02/22 1.4 (Carsten Heinz)
)
Underfull \hbox (badness 2221) in paragraph at lines 20--24
\T1/cmr/m/n/10.95 Durch die Ver-wen-dung der Bi-blio-thek ist es mög-lich Funk-
tio-nen wie z.B.
 []

(./Code/taster.c)
File: Bilder/RAC_Logo.jpg Graphic file (type jpg)
 <use Bilder/RAC_Logo.jpg> [12] (./Code/led.c)
(./Code/lcd_def.c
File: Bilder/RAC_Logo.jpg Graphic file (type jpg)
 <use Bilder/RAC_Logo.jpg> [13])
Underfull \hbox (badness 10000) in paragraph at lines 44--48

 []

(./Code/rs232.c
File: Bilder/RAC_Logo.jpg Graphic file (type jpg)
 <use Bilder/RAC_Logo.jpg> [14]
File: Bilder/RAC_Logo.jpg Graphic file (type jpg)
 <use Bilder/RAC_Logo.jpg>
[15])
Underfull \hbox (badness 10000) in paragraph at lines 55--56
\T1/cmr/m/n/10.95 Damit ste-hen die es-sen-ti-el-len Funk-tio-nen [][][][][][] 
und
 []

File: Bilder/RAC_Logo.jpg Graphic file (type jpg)
<use Bilder/RAC_Logo.jpg> [16]
Overfull \hbox (12.0pt too wide) in paragraph at lines 65--65
 [] 
 []

(./Code/Protokolle_RF_Isel.txt)
File: Bilder/RAC_Logo.jpg Graphic file (type jpg)
 <use Bilder/RAC_Logo.jpg> [17] (./Code/menu.c)
(./Code/menu_main.txt
File: Bilder/RAC_Logo.jpg Graphic file (type jpg)
 <use Bilder/RAC_Logo.jpg> [18])
Overfull \hbox (5.3909pt too wide) in paragraph at lines 86--91
\T1/cmr/m/n/10.95 ge-le-sen wird und fest-ge-legt wie er wei-ter-ver-ar-bei-tet
 wird. Die Funk-ti-on [][][][][][]
 []

File: Bilder/RAC_Logo.jpg Graphic file (type jpg)
<use Bilder/RAC_Logo.jpg> [19] (./Code/rs232_empfang_stepper.c)
(/usr/share/texmf-dist/tex/latex/listings/lstlang1.sty
File: lstlang1.sty 2004/09/05 1.3 listings language file
)
Overfull \hbox (10.68687pt too wide) in paragraph at lines 96--101
[][][][][][]\T1/cmr/m/n/10.95 (Codelisting [][]4.9[][]) ge-gen ein [][][][][][]

 []

(./Code/FindString.c
File: Bilder/RAC_Logo.jpg Graphic file (type jpg)
 <use Bilder/RAC_Logo.jpg> [20]) (./Code/switch_stepper.c)
<Bilder/Y-Kabel.jpg, id=873, 642.4pt x 481.8pt>
File: Bilder/Y-Kabel.jpg Graphic file (type jpg)
 <use Bilder/Y-Kabel.jpg>

LaTeX Font Warning: Font shape `T1/cmtt/bx/sc' undefined
(Font)              using `T1/cmtt/bx/n' instead on input line 119.

LaTeX Font Info:    Font shape `T1/cmtt/bx/n' in size <10.95> not available
(Font)              Font shape `T1/cmtt/m/n' tried instead on input line 119.
File: Bilder/RAC_Logo.jpg Graphic file (type jpg)
<use Bilder/RAC_Logo.jpg> [21]
<Bilder/Kabel.pdf, id=918, 463.6879pt x 101.58101pt>
File: Bilder/Kabel.pdf Graphic file (type pdf)
 <use Bilder/Kabel.pdf>
File: Bilder/RAC_Logo.jpg Graphic file (type jpg)

<use Bilder/RAC_Logo.jpg> [22 <./Bilder/Y-Kabel.jpg>]
<Bilder/Endschalter.pdf, id=924, 193.3138pt x 148.46764pt>
File: Bilder/Endschalter.pdf Graphic file (type pdf)

<use Bilder/Endschalter.pdf>
File: Bilder/RAC_Logo.jpg Graphic file (type jpg)
 <use Bilder/RAC_Logo.jpg> [23 <./Bilder/Kabel.pdf>] <Bilder/AVR-RS232.png, id=
953, 534.49687pt x 321.45094pt>
File: Bilder/AVR-RS232.png Graphic file (type png)

<use Bilder/AVR-RS232.png>
File: Bilder/RAC_Logo.jpg Graphic file (type jpg)
 <use Bilder/RAC_Logo.jpg> [24 <./Bilder/Endschalter.pdf>] <Bilder/Schema_Kommu
nikation.pdf, id=977, 764.45598pt x 330.03299pt>
File: Bilder/Schema_Kommunikation.pdf Graphic file (type pdf)

<use Bilder/Schema_Kommunikation.pdf>

LaTeX Warning: `h' float specifier changed to `ht'.

File: Bilder/RAC_Logo.jpg Graphic file (type jpg)
<use Bilder/RAC_Logo.jpg> [25 <./Bilder/AVR-RS232.png (PNG copy)>]
(./Code/rs232_empfang.c)
File: Bilder/RAC_Logo.jpg Graphic file (type jpg)
 <use Bilder/RAC_Logo.jpg> [26 <./Bilder/Schema_Kommunikation.pdf>] (./Code/uar
t_rx.c)
File: Bilder/RAC_Logo.jpg Graphic file (type jpg)
 <use Bilder/RAC_Logo.jpg> [27]
(./Code/switch_Motor.c)
File: Bilder/RAC_Logo.jpg Graphic file (type jpg)
 <use Bilder/RAC_Logo.jpg> [28] (./Code/switch_Isel.c)
(./Code/switch_Isel_Init.c)
File: Bilder/RAC_Logo.jpg Graphic file (type jpg)
 <use Bilder/RAC_Logo.jpg> [29]
(./Code/switch_Isel_Status.c)
Underfull \hbox (badness 10000) in paragraph at lines 236--238
\T1/cmr/m/n/10.95 legt. Die-se wer-den an die Funk-ti-on
 []

File: Bilder/RAC_Logo.jpg Graphic file (type jpg)
<use Bilder/RAC_Logo.jpg> [30] (./Code/switch_Isel_Rotation.c
File: Bilder/RAC_Logo.jpg Graphic file (type jpg)

<use Bilder/RAC_Logo.jpg> [31]) (./Code/string_zerlegen_Isel.c
File: Bilder/RAC_Logo.jpg Graphic file (type jpg)

<use Bilder/RAC_Logo.jpg> [32])
<Bilder/Schaltplan.pdf, id=1216, 845.61588pt x 597.50786pt>
File: Bilder/Schaltplan.pdf Graphic file (type pdf)

<use Bilder/Schaltplan.pdf>
<Bilder/Translator_white.png, id=1219, 1197.47375pt x 728.7225pt>
File: Bilder/Translator_white.png Graphic file (type png)

<use Bilder/Translator_white.png>
<Bilder/19ZollEinschub.JPG, id=1221, 1284.8pt x 963.6pt>
File: Bilder/19ZollEinschub.JPG Graphic file (type jpg)

<use Bilder/19ZollEinschub.JPG>

LaTeX Warning: `h' float specifier changed to `ht'.


LaTeX Warning: `h' float specifier changed to `ht'.

File: Bilder/RAC_Logo.jpg Graphic file (type jpg)
<use Bilder/RAC_Logo.jpg> [33]

LaTeX Warning: `h' float specifier changed to `ht'.

File: Bilder/RAC_Logo.jpg Graphic file (type jpg)
<use Bilder/RAC_Logo.jpg> [34 <./Bilder/Schaltplan.pdf>]
File: Bilder/RAC_Logo.jpg Graphic file (type jpg)

<use Bilder/RAC_Logo.jpg> [35 <./Bilder/Translator_white.png (PNG copy)> <./Bil
der/19ZollEinschub.JPG>]
Kapitel 5.

Underfull \hbox (badness 10000) in paragraph at lines 272--275

 []

File: Bilder/RAC_Logo.jpg Graphic file (type jpg)
<use Bilder/RAC_Logo.jpg> [36

] (./Code/ISR_Endschalter.c)
File: Bilder/RAC_Logo.jpg Graphic file (type jpg)

<use Bilder/RAC_Logo.jpg> [37] (./Code/Watchdog.txt)
Overfull \hbox (8.87016pt too wide) in paragraph at lines 301--302
[]\T1/cmr/bx/n/10.95 JTAGEN \T1/cmr/m/n/10.95 - Ist die-ses Bit ge-setzt, kann 
an 4 Pins des \T1/cmr/m/it/10.95 PortB \T1/cmr/m/n/10.95 ein [][][][][][]
 []

File: Bilder/RAC_Logo.jpg Graphic file (type jpg)
<use Bilder/RAC_Logo.jpg> [38])
File: Bilder/RAC_Logo.jpg Graphic file (type jpg)
 <use Bilder/RAC_Logo.jpg> [39]
\openout2 = `Inhalt/Fazit.aux'.


(./Inhalt/Fazit.tex
Kapitel 6.
)
File: Bilder/RAC_Logo.jpg Graphic file (type jpg)
 <use Bilder/RAC_Logo.jpg> [40



] (./Praxisbericht.bbl (./Praxisbericht.brf)
\tf@brf=\write10
\openout10 = `Praxisbericht.brf'.


Underfull \hbox (badness 10000) in paragraph at lines 10--10
[]\T1/cmr/m/n/10.95 Atmel Cor-po-ra-ti-on, San Jo-se, CA 95131, USA.  \T1/cmr/m
/it/10.95 AT-me-
 []

)
File: Bilder/RAC_Logo.jpg Graphic file (type jpg)
 <use Bilder/RAC_Logo.jpg> [41


]
\openout2 = `Inhalt/Erklaerung.aux'.

 (./Inhalt/Erklaerung.tex
Underfull \hbox (badness 10000) in paragraph at lines 6--8

 []

<../../../../Unterschrift.png, id=1324, 577.357pt x 126.071pt>
File: ../../../../Unterschrift.png Graphic file (type png)

<use ../../../../Unterschrift.png>)
File: Bilder/RAC_Logo.jpg Graphic file (type jpg)
 <use Bilder/RAC_Logo.jpg> [42


 <../../../../Unterschrift.png>] (./Inhalt/Anhang.tex
Anhang A.
File: Bilder/RAC_Logo.jpg Graphic file (type jpg)
<use Bilder/RAC_Logo.jpg> [43


]
\openout2 = `Inhalt/StepByStep.aux'.

 (./Inhalt/StepByStep.tex
File: Bilder/19Zoll_Rack.jpg Graphic file (type jpg)

<use Bilder/19Zoll_Rack.jpg>
<Bilder/Anleitung/1_Desktop.jpg, id=1337, 308.352pt x 246.6816pt>
File: Bilder/Anleitung/1_Desktop.jpg Graphic file (type jpg)

<use Bilder/Anleitung/1_Desktop.jpg>
<Bilder/Anleitung/2_RapidForm.jpg, id=1338, 308.352pt x 246.6816pt>
File: Bilder/Anleitung/2_RapidForm.jpg Graphic file (type jpg)

<use Bilder/Anleitung/2_RapidForm.jpg>
<Bilder/Anleitung/3_ADDIN_Menu.jpg, id=1339, 308.352pt x 246.6816pt>
File: Bilder/Anleitung/3_ADDIN_Menu.jpg Graphic file (type jpg)

<use Bilder/Anleitung/3_ADDIN_Menu.jpg>
Underfull \hbox (badness 10000) in paragraph at lines 72--72
[]|\T1/cmss/m/n/10.95 Für ein er-folg-rei-ches Zu-
 []


Underfull \hbox (badness 10000) in paragraph at lines 72--72
\T1/cmss/m/n/10.95 sam-men-füh-ren der ein-
 []


Underfull \hbox (badness 10000) in paragraph at lines 72--72
\T1/cmss/m/n/10.95 zel-nen Auf-nah-men ist die
 []

<Bilder/Anleitung/4_5_Calibration.JPG, id=1340, 963.6pt x 1284.8pt>
File: Bilder/Anleitung/4_5_Calibration.JPG Graphic file (type jpg)

<use Bilder/Anleitung/4_5_Calibration.JPG>
Underfull \hbox (badness 3078) in paragraph at lines 83--87
[]|\T1/cmr/m/n/10.95 Den Rei-ter \T1/cmr/bx/n/10.95 VI- 
 []


Underfull \hbox (badness 1152) in paragraph at lines 83--87
\T1/cmr/bx/n/10.95 VID: 1 \T1/cmr/m/n/10.95 aus-wäh-len. 
 []


Underfull \hbox (badness 1127) in paragraph at lines 83--87
\T1/cmr/m/n/10.95 Bei \T1/cmr/bx/n/10.95 Ma-nu-al Pa-ra. 
 []


Underfull \hbox (badness 1097) in paragraph at lines 83--87
\T1/cmr/m/n/10.95 ein Häk-chen set-zen. 
 []


Underfull \hbox (badness 3690) in paragraph at lines 83--87
\T1/cmr/m/n/10.95 Im Feld \T1/cmr/bx/n/10.95 La-ser 
 []

<Bilder/Anleitung/4_Calibration.jpg, id=1341, 308.352pt x 246.6816pt>
File: Bilder/Anleitung/4_Calibration.jpg Graphic file (type jpg)

<use Bilder/Anleitung/4_Calibration.jpg>
Underfull \hbox (badness 1117) in paragraph at lines 94--97
\T1/cmr/m/n/10.95 ten Ab-bil-dung sein. 
 []

<Bilder/Anleitung/4_Calibration_result.jpg, id=1342, 308.352pt x 246.6816pt>
File: Bilder/Anleitung/4_Calibration_result.jpg Graphic file (type jpg)

<use Bilder/Anleitung/4_Calibration_result.jpg>
Underfull \hbox (badness 1127) in paragraph at lines 104--110
[]|\T1/cmr/m/n/10.95 Bei \T1/cmr/bx/n/10.95 Ma-nu-al Pa-ra. 
 []


Underfull \hbox (badness 1112) in paragraph at lines 104--110
\T1/cmr/bx/n/10.95 Using Ro-ta-ry In- 
 []

<Bilder/Anleitung/5_StepScan.jpg, id=1343, 308.352pt x 246.6816pt>
File: Bilder/Anleitung/5_StepScan.jpg Graphic file (type jpg)

<use Bilder/Anleitung/5_StepScan.jpg>
Underfull \hbox (badness 1852) in paragraph at lines 117--120
\T1/cmr/m/n/10.95 Zum Rei-ter \T1/cmr/bx/n/10.95 Con- 
 []


Underfull \hbox (badness 4024) in paragraph at lines 117--120
\T1/cmr/bx/n/10.95 trol \T1/cmr/m/n/10.95 wech-seln. 
 []

<Bilder/Anleitung/6_AutoFocus.jpg, id=1344, 308.352pt x 246.6816pt>
File: Bilder/Anleitung/6_AutoFocus.jpg Graphic file (type jpg)

<use Bilder/Anleitung/6_AutoFocus.jpg>
Underfull \hbox (badness 1648) in paragraph at lines 127--130
[]|\T1/cmr/m/n/10.95 Auf \T1/cmr/bx/n/10.95 Scan \T1/cmr/m/n/10.95 kli-cken. 
 []


Underfull \hbox (badness 10000) in paragraph at lines 130--130
[]|\T1/cmss/m/n/10.95 Die Po-si-ti-on des VI-900
 []


Underfull \hbox (badness 10000) in paragraph at lines 130--130
\T1/cmss/m/n/10.95 darf nach der Ka-li-brie-
 []


Underfull \hbox (badness 10000) in paragraph at lines 130--130
\T1/cmss/m/n/10.95 rung nicht mehr ver-än-dert
 []

<Bilder/Anleitung/7_Scan.jpg, id=1345, 308.352pt x 246.6816pt>
File: Bilder/Anleitung/7_Scan.jpg Graphic file (type jpg)

<use Bilder/Anleitung/7_Scan.jpg>
Underfull \hbox (badness 10000) in paragraph at lines 139--139
[]|\T1/cmss/m/n/10.95 Bei \T1/cmss/bx/n/10.95 Au-toAc-cept \T1/cmss/m/n/10.95 k
ann
 []


Underfull \hbox (badness 10000) in paragraph at lines 139--139
\T1/cmss/m/n/10.95 nun ein Häk-chen ge-setzt
 []

<Bilder/Anleitung/8_Accept.jpg, id=1346, 308.352pt x 246.6816pt>
File: Bilder/Anleitung/8_Accept.jpg Graphic file (type jpg)

<use Bilder/Anleitung/8_Accept.jpg>
<Bilder/Anleitung/8_AutoAccept.jpg, id=1347, 308.352pt x 246.6816pt>
File: Bilder/Anleitung/8_AutoAccept.jpg Graphic file (type jpg)

<use Bilder/Anleitung/8_AutoAccept.jpg>
<Bilder/Anleitung/9_1_Scan_result.jpg, id=1348, 308.352pt x 246.6816pt>
File: Bilder/Anleitung/9_1_Scan_result.jpg Graphic file (type jpg)

<use Bilder/Anleitung/9_1_Scan_result.jpg>
<Bilder/Anleitung/10_Rotary_Table.jpg, id=1349, 308.352pt x 246.6816pt>
File: Bilder/Anleitung/10_Rotary_Table.jpg Graphic file (type jpg)

<use Bilder/Anleitung/10_Rotary_Table.jpg>
Underfull \hbox (badness 1629) in paragraph at lines 173--179
[]|\T1/cmr/m/n/10.95 Im Dia-log auf \T1/cmr/bx/n/10.95 Se- 
 []


Underfull \hbox (badness 1577) in paragraph at lines 173--179
\T1/cmr/bx/n/10.95 lect Axis \T1/cmr/m/n/10.95 kli-cken. 
 []

<Bilder/Anleitung/11_Register_Dialog_2.jpg, id=1350, 308.352pt x 246.6816pt>
File: Bilder/Anleitung/11_Register_Dialog_2.jpg Graphic file (type jpg)

<use Bilder/Anleitung/11_Register_Dialog_2.jpg>
<Bilder/Anleitung/11_Register_result.jpg, id=1351, 308.352pt x 246.6816pt>
File: Bilder/Anleitung/11_Register_result.jpg Graphic file (type jpg)

<use Bilder/Anleitung/11_Register_result.jpg>
File: Bilder/RAC_Logo.jpg Graphic file (type jpg)
 <use Bilder/RAC_Logo.jpg>
[44

 <./Bilder/Anleitung/1_Desktop.jpg>]
File: Bilder/RAC_Logo.jpg Graphic file (type jpg)
 <use Bilder/RAC_Logo.jpg> [45 <./Bilder/Anleitung/2_RapidForm.jpg> <./Bilder/A
nleitung/3_ADDIN_Menu.jpg>]
File: Bilder/RAC_Logo.jpg Graphic file (type jpg)

<use Bilder/RAC_Logo.jpg> [46 <./Bilder/Anleitung/4_5_Calibration.JPG> <./Bilde
r/Anleitung/4_Calibration.jpg>]
File: Bilder/RAC_Logo.jpg Graphic file (type jpg)
 <use Bilder/RAC_Logo.jpg> [47 <./Bilder/Anleitung/4_Calibration_result.jpg> <.
/Bilder/Anleitung/5_StepScan.jpg>]
File: Bilder/RAC_Logo.jpg Graphic file (type jpg)

<use Bilder/RAC_Logo.jpg> [48 <./Bilder/Anleitung/6_AutoFocus.jpg> <./Bilder/An
leitung/7_Scan.jpg>]
File: Bilder/RAC_Logo.jpg Graphic file (type jpg)
 <use Bilder/RAC_Logo.jpg> [49 <./Bilder/Anleitung/8_Accept.jpg> <./Bilder/Anle
itung/8_AutoAccept.jpg> <./Bilder/Anleitung/9_1_Scan_result.jpg>])
File: Bilder/RAC_Logo.jpg Graphic file (type jpg)
 <use Bilder/RAC_Logo.jpg> [50 <./Bilder/Anleitung/10_Rotary_Table.jpg> <./Bild
er/Anleitung/11_Register_Dialog_2.jpg> <./Bilder/Anleitung/11_Register_result.j
pg>]
\openout2 = `Inhalt/Tabelle_ASCII_Befehle.aux'.

 (./Inhalt/Tabelle_ASCII_Befehle.tex)
File: Bilder/RAC_Logo.jpg Graphic file (type jpg)
 <use Bilder/RAC_Logo.jpg>
[51


]
\openout2 = `Inhalt/Tabelle_Protokolle_RF.aux'.

 (./Inhalt/Tabelle_Protokolle_RF.tex (./Code/Protokolle_RF.txt
File: Bilder/RAC_Logo.jpg Graphic file (type jpg)

<use Bilder/RAC_Logo.jpg> [52


]
File: Bilder/RAC_Logo.jpg Graphic file (type jpg)
 <use Bilder/RAC_Logo.jpg> [53]))
File: Bilder/RAC_Logo.jpg Graphic file (type jpg)

<use Bilder/RAC_Logo.jpg> [54]
\openout2 = `Inhalt/Tabelle_TD_VI900.aux'.

 (./Inhalt/Tabelle_TD_VI900.tex
Underfull \hbox (badness 10000) in paragraph at lines 24--24
\T1/cmr/m/n/10.95 X-Richtung (an-hän-gig
 []


Underfull \hbox (badness 10000) in paragraph at lines 26--26
[]|\T1/cmr/m/n/10.95 Messbereich in Y-
 []


Underfull \hbox (badness 10000) in paragraph at lines 26--26
\T1/cmr/m/n/10.95 Richtung (ab-hän-gig
 []


Underfull \hbox (badness 10000) in paragraph at lines 28--28
[]|\T1/cmr/m/n/10.95 Messbereich in Z-
 []


Underfull \hbox (badness 10000) in paragraph at lines 28--28
\T1/cmr/m/n/10.95 Richtung (ab-hän-gig
 []


Underfull \hbox (badness 1221) in paragraph at lines 30--31
[]|\T1/cmr/m/n/10.95 X: \TS1/cmr/m/n/10.95 ±\T1/cmr/m/n/10.95 0,22mm, Y: \TS1/c
mr/m/n/10.95 ±\T1/cmr/m/n/10.95 0,16mm, Z: \TS1/cmr/m/n/10.95 ±\T1/cmr/m/n/10.9
5 0,10mm zur Z-
 []


Underfull \hbox (badness 10000) in paragraph at lines 34--34
[]|\T1/cmr/m/n/10.95 Übertragungszeit zum
 []


Underfull \hbox (badness 10000) in paragraph at lines 36--36
[]|\T1/cmr/m/n/10.95 Scanumgebung, Be-
 []


Underfull \hbox (badness 1622) in paragraph at lines 49--50
[]|\T1/cmr/m/n/10.95 3D- und Farb-da-ten (kom-bi-niert): 1,6MB (Mo-dus
 []


Underfull \hbox (badness 10000) in paragraph at lines 60--60
[]|\T1/cmr/m/n/10.95 Zulässige Um-ge-bungs-
 []


Underfull \hbox (badness 10000) in paragraph at lines 62--62
[]|\T1/cmr/m/n/10.95 Zulässige Um-ge-bungs-
 []


Underfull \hbox (badness 10000) in paragraph at lines 62--62
\T1/cmr/m/n/10.95 be-din-gun-gen (La-ge-
 []

File: Bilder/RAC_Logo.jpg Graphic file (type jpg)
<use Bilder/RAC_Logo.jpg> [55


])
File: Bilder/RAC_Logo.jpg Graphic file (type jpg)
 <use Bilder/RAC_Logo.jpg> [56]
\openout2 = `Inhalt/Werkzeuge.aux'.


(./Inhalt/Werkzeuge.tex
Overfull \hbox (57.80554pt too wide) in paragraph at lines 4--7
\T1/cmr/m/n/10.95 Website: [][]$\T1/cmtt/m/n/10.95 http : / / www . konicaminol
ta . eu / de / messinstrumente / produkte / 3d-[]messtechnik /
 []


Overfull \hbox (120.04762pt too wide) in paragraph at lines 16--19
\T1/cmr/m/n/10.95 Website: [][]$\T1/cmtt/m/n/10.95 http : / / www . pepperl-[]f
uchs . de / germany / de / classid _ 143 . htm ? view = productdetails&prodid =

 []

File: Bilder/RAC_Logo.jpg Graphic file (type jpg)
<use Bilder/RAC_Logo.jpg> [57


])
File: Bilder/RAC_Logo.jpg Graphic file (type jpg)
 <use Bilder/RAC_Logo.jpg> [58]
\openout2 = `Inhalt/Anhang_Codelistings.aux'.


(./Inhalt/Anhang_Codelistings.tex
(/usr/share/texmf-dist/tex/latex/base/utf8.def
File: utf8.def 2008/04/05 v1.1m UTF-8 support for inputenc
) (../../main.c
File: Bilder/RAC_Logo.jpg Graphic file (type jpg)

<use Bilder/RAC_Logo.jpg> [59


]
File: Bilder/RAC_Logo.jpg Graphic file (type jpg)
 <use Bilder/RAC_Logo.jpg> [60]
File: Bilder/RAC_Logo.jpg Graphic file (type jpg)

<use Bilder/RAC_Logo.jpg> [61]
File: Bilder/RAC_Logo.jpg Graphic file (type jpg)
 <use Bilder/RAC_Logo.jpg> [62]
File: Bilder/RAC_Logo.jpg Graphic file (type jpg)

<use Bilder/RAC_Logo.jpg> [63]
File: Bilder/RAC_Logo.jpg Graphic file (type jpg)
 <use Bilder/RAC_Logo.jpg> [64]
File: Bilder/RAC_Logo.jpg Graphic file (type jpg)

<use Bilder/RAC_Logo.jpg> [65]
File: Bilder/RAC_Logo.jpg Graphic file (type jpg)
 <use Bilder/RAC_Logo.jpg> [66]
File: Bilder/RAC_Logo.jpg Graphic file (type jpg)

<use Bilder/RAC_Logo.jpg> [67]
File: Bilder/RAC_Logo.jpg Graphic file (type jpg)
 <use Bilder/RAC_Logo.jpg> [68]
File: Bilder/RAC_Logo.jpg Graphic file (type jpg)

<use Bilder/RAC_Logo.jpg> [69]
File: Bilder/RAC_Logo.jpg Graphic file (type jpg)
 <use Bilder/RAC_Logo.jpg> [70]
File: Bilder/RAC_Logo.jpg Graphic file (type jpg)

<use Bilder/RAC_Logo.jpg> [71]
File: Bilder/RAC_Logo.jpg Graphic file (type jpg)
 <use Bilder/RAC_Logo.jpg> [72]
File: Bilder/RAC_Logo.jpg Graphic file (type jpg)

<use Bilder/RAC_Logo.jpg> [73]
File: Bilder/RAC_Logo.jpg Graphic file (type jpg)
 <use Bilder/RAC_Logo.jpg> [74]
File: Bilder/RAC_Logo.jpg Graphic file (type jpg)

<use Bilder/RAC_Logo.jpg> [75]
File: Bilder/RAC_Logo.jpg Graphic file (type jpg)
 <use Bilder/RAC_Logo.jpg> [76]))
File: Bilder/RAC_Logo.jpg Graphic file (type jpg)

<use Bilder/RAC_Logo.jpg> [77]
\openout2 = `Inhalt/Anhang_Danksagung.aux'.

 (./Inhalt/Anhang_Danksagung.tex
Overfull \hbox (18.6926pt too wide) in paragraph at lines 8--44
[][] 
 []

)
File: Bilder/RAC_Logo.jpg Graphic file (type jpg)
 <use Bilder/RAC_Logo.jpg> [78


])
No file Praxisbericht.ind.
Package atveryend Info: Empty hook `BeforeClearDocument' on input line 123.
Package atveryend Info: Empty hook `AfterLastShipout' on input line 123.
(./Praxisbericht.aux (./Deckblatt.aux) (./Inhalt/Einleitung.aux)
(./Inhalt/Kapitel_Hardware.aux) (./Inhalt/Kapitel_Software.aux)
(./Inhalt/Kapitel_AufbauderArbeit.aux) (./Inhalt/Fazit.aux)
(./Inhalt/Erklaerung.aux) (./Inhalt/StepByStep.aux)
(./Inhalt/Tabelle_ASCII_Befehle.aux) (./Inhalt/Tabelle_Protokolle_RF.aux)
(./Inhalt/Tabelle_TD_VI900.aux) (./Inhalt/Werkzeuge.aux)
(./Inhalt/Anhang_Codelistings.aux) (./Inhalt/Anhang_Danksagung.aux))
Package atveryend Info: Executing hook `AtVeryEndDocument' on input line 123.
Package rerunfilecheck Info: File `Praxisbericht.out' has not changed.
(rerunfilecheck)             Checksum: 56583F35CD1A22977DC3444054CD20A7;4608.
Package rerunfilecheck Info: File `Praxisbericht.brf' has not changed.
(rerunfilecheck)             Checksum: 0D349DDB2B83B8B55E35C46E5DCD8AAF;732.


LaTeX Font Warning: Some font shapes were not available, defaults substituted.


LaTeX Warning: There were multiply-defined labels.

 ) 
Here is how much of TeX's memory you used:
 15278 strings out of 495022
 218733 string characters out of 3180791
 777727 words of memory out of 3000000
 16325 multiletter control sequences out of 15000+200000
 30595 words of font info for 70 fonts, out of 3000000 for 9000
 16 hyphenation exceptions out of 8191
 50i,16n,51p,1830b,2418s stack positions out of 5000i,500n,10000p,200000b,50000s
{/usr/share/texmf-dist/fonts/enc/dvips/cm-super/cm-super-t1.enc}{/usr/share/t
exmf-dist/fonts/enc/dvips/cm-super/cm-super-ts1.enc}</usr/share/texmf-dist/font
s/type1/public/amsfonts/cm/cmsy9.pfb></usr/share/texmf-dist/fonts/type1/public/
cm-super/sfbx1000.pfb></usr/share/texmf-dist/fonts/type1/public/cm-super/sfbx10
95.pfb></usr/share/texmf-dist/fonts/type1/public/cm-super/sfbx1728.pfb></usr/sh
are/texmf-dist/fonts/type1/public/cm-super/sfcc1095.pfb></usr/share/texmf-dist/
fonts/type1/public/cm-super/sfcc1200.pfb></usr/share/texmf-dist/fonts/type1/pub
lic/cm-super/sfrm0600.pfb></usr/share/texmf-dist/fonts/type1/public/cm-super/sf
rm0800.pfb></usr/share/texmf-dist/fonts/type1/public/cm-super/sfrm0900.pfb></us
r/share/texmf-dist/fonts/type1/public/cm-super/sfrm1000.pfb></usr/share/texmf-d
ist/fonts/type1/public/cm-super/sfrm1095.pfb></usr/share/texmf-dist/fonts/type1
/public/cm-super/sfrm1440.pfb></usr/share/texmf-dist/fonts/type1/public/cm-supe
r/sfsi1095.pfb></usr/share/texmf-dist/fonts/type1/public/cm-super/sfss1095.pfb>
</usr/share/texmf-dist/fonts/type1/public/cm-super/sfsx1095.pfb></usr/share/tex
mf-dist/fonts/type1/public/cm-super/sfsx1200.pfb></usr/share/texmf-dist/fonts/t
ype1/public/cm-super/sfsx1440.pfb></usr/share/texmf-dist/fonts/type1/public/cm-
super/sfsx2074.pfb></usr/share/texmf-dist/fonts/type1/public/cm-super/sfti1000.
pfb></usr/share/texmf-dist/fonts/type1/public/cm-super/sfti1095.pfb></usr/share
/texmf-dist/fonts/type1/public/cm-super/sftt0900.pfb></usr/share/texmf-dist/fon
ts/type1/public/cm-super/sftt1095.pfb></usr/share/texmf-dist/fonts/type1/public
/cm-super/sfxc1095.pfb></usr/share/texmf-dist/fonts/type1/public/cm-super/sfxc2
074.pfb>
Output written on Praxisbericht.pdf (85 pages, 4727197 bytes).
PDF statistics:
 2909 PDF objects out of 2984 (max. 8388607)
 2711 compressed objects within 28 object streams
 1606 named destinations out of 1728 (max. 500000)
 705 words of extra memory for PDF output out of 10000 (max. 10000000)

